The target system is: Linux -  - cortexa72
The host system is: Linux - 5.15.0-56-generic - x86_64
Compiling the C compiler identification source file "CMakeCCompilerId.c" succeeded.
Compiler: /opt/mydistro/1.0/sysroots/x86_64-mydistro-linux/usr/bin/aarch64-mydistro-linux/aarch64-mydistro-linux-gcc -mcpu=cortex-a72;-march=armv8-a+crc;-fstack-protector-strong;-O2;-D_FORTIFY_SOURCE=2;-Wformat;-Wformat-security;-Werror=format-security;--sysroot=/opt/mydistro/1.0/sysroots/cortexa72-mydistro-linux
Build flags: ;-O2;-pipe;-g;-feliminate-unused-debug-types;
Id flags:  

The output was:
0


Compilation of the C compiler identification source "CMakeCCompilerId.c" produced "a.out"

The C compiler identification is GNU, found in "/home/hussam/poky/meta-mylayer/recipes-apps/objectdetcpp/files/build/CMakeFiles/3.22.3/CompilerIdC/a.out"

Compiling the CXX compiler identification source file "CMakeCXXCompilerId.cpp" succeeded.
Compiler: /opt/mydistro/1.0/sysroots/x86_64-mydistro-linux/usr/bin/aarch64-mydistro-linux/aarch64-mydistro-linux-g++ -mcpu=cortex-a72;-march=armv8-a+crc;-fstack-protector-strong;-O2;-D_FORTIFY_SOURCE=2;-Wformat;-Wformat-security;-Werror=format-security;--sysroot=/opt/mydistro/1.0/sysroots/cortexa72-mydistro-linux
Build flags: ;-O2;-pipe;-g;-feliminate-unused-debug-types;
Id flags:  

The output was:
0


Compilation of the CXX compiler identification source "CMakeCXXCompilerId.cpp" produced "a.out"

The CXX compiler identification is GNU, found in "/home/hussam/poky/meta-mylayer/recipes-apps/objectdetcpp/files/build/CMakeFiles/3.22.3/CompilerIdCXX/a.out"

Detecting C compiler ABI info compiled with the following output:
Change Dir: /home/hussam/poky/meta-mylayer/recipes-apps/objectdetcpp/files/build/CMakeFiles/CMakeTmp

Run Build Command(s):/usr/bin/gmake -f Makefile cmTC_80494/fast && /usr/bin/gmake  -f CMakeFiles/cmTC_80494.dir/build.make CMakeFiles/cmTC_80494.dir/build
gmake[1]: Entering directory '/home/hussam/poky/meta-mylayer/recipes-apps/objectdetcpp/files/build/CMakeFiles/CMakeTmp'
Building C object CMakeFiles/cmTC_80494.dir/CMakeCCompilerABI.c.o
/opt/mydistro/1.0/sysroots/x86_64-mydistro-linux/usr/bin/aarch64-mydistro-linux/aarch64-mydistro-linux-gcc   -mcpu=cortex-a72 -march=armv8-a+crc -fstack-protector-strong  -O2 -D_FORTIFY_SOURCE=2 -Wformat -Wformat-security -Werror=format-security --sysroot=/opt/mydistro/1.0/sysroots/cortexa72-mydistro-linux --sysroot=/opt/mydistro/1.0/sysroots/cortexa72-mydistro-linux   -O2 -pipe -g -feliminate-unused-debug-types     -v -o CMakeFiles/cmTC_80494.dir/CMakeCCompilerABI.c.o -c /opt/mydistro/1.0/sysroots/x86_64-mydistro-linux/usr/share/cmake-3.22/Modules/CMakeCCompilerABI.c
Using built-in specs.
COLLECT_GCC=/opt/mydistro/1.0/sysroots/x86_64-mydistro-linux/usr/bin/aarch64-mydistro-linux/aarch64-mydistro-linux-gcc
Target: aarch64-mydistro-linux
Configured with: ../../../../../work-shared/gcc-11.3.0-r0/gcc-11.3.0/configure --build=x86_64-linux --host=x86_64-mydistro-linux --target=aarch64-mydistro-linux --prefix=/usr/local/oe-sdk-hardcoded-buildpath/sysroots/x86_64-mydistro-linux/usr --exec_prefix=/usr/local/oe-sdk-hardcoded-buildpath/sysroots/x86_64-mydistro-linux/usr --bindir=/usr/local/oe-sdk-hardcoded-buildpath/sysroots/x86_64-mydistro-linux/usr/bin/aarch64-mydistro-linux --sbindir=/usr/local/oe-sdk-hardcoded-buildpath/sysroots/x86_64-mydistro-linux/usr/bin/aarch64-mydistro-linux --libexecdir=/usr/local/oe-sdk-hardcoded-buildpath/sysroots/x86_64-mydistro-linux/usr/libexec/aarch64-mydistro-linux --datadir=/usr/local/oe-sdk-hardcoded-buildpath/sysroots/x86_64-mydistro-linux/usr/share --sysconfdir=/usr/local/oe-sdk-hardcoded-buildpath/sysroots/x86_64-mydistro-linux/etc --sharedstatedir=/usr/local/oe-sdk-hardcoded-buildpath/sysroots/x86_64-mydistro-linux/com --localstatedir=/usr/local/oe-sdk-hardcoded-buildpath/sysroots/x86_64-mydistro-linux/var --libdir=/usr/local/oe-sdk-hardcoded-buildpath/sysroots/x86_64-mydistro-linux/usr/lib/aarch64-mydistro-linux --includedir=/usr/local/oe-sdk-hardcoded-buildpath/sysroots/x86_64-mydistro-linux/usr/include --oldincludedir=/usr/local/oe-sdk-hardcoded-buildpath/sysroots/x86_64-mydistro-linux/usr/include --infodir=/usr/local/oe-sdk-hardcoded-buildpath/sysroots/x86_64-mydistro-linux/usr/share/info --mandir=/usr/local/oe-sdk-hardcoded-buildpath/sysroots/x86_64-mydistro-linux/usr/share/man --disable-silent-rules --disable-dependency-tracking --with-libtool-sysroot=/home/hussam/poky/build2/tmp/work/x86_64-nativesdk-mydistro-linux/gcc-cross-canadian-aarch64/11.3.0-r0/recipe-sysroot --with-gnu-ld --enable-shared --enable-languages=c,c++ --enable-threads=posix --enable-multilib --enable-default-pie --enable-c99 --enable-long-long --enable-symvers=gnu --enable-libstdcxx-pch --program-prefix=aarch64-mydistro-linux- --without-local-prefix --disable-install-libiberty --disable-libssp --enable-libitm --enable-lto --disable-bootstrap --with-system-zlib --with-linker-hash-style=gnu --enable-linker-build-id --with-ppl=no --with-cloog=no --enable-checking=release --enable-cheaders=c_global --without-isl --with-gxx-include-dir=/not/exist/usr/include/c++/11.3.0 --with-build-time-tools=/home/hussam/poky/build2/tmp/work/x86_64-nativesdk-mydistro-linux/gcc-cross-canadian-aarch64/11.3.0-r0/recipe-sysroot-native/usr/aarch64-mydistro-linux/bin --with-sysroot=/not/exist --with-build-sysroot=/home/hussam/poky/build2/tmp/work/x86_64-nativesdk-mydistro-linux/gcc-cross-canadian-aarch64/11.3.0-r0/recipe-sysroot --enable-standard-branch-protection --enable-poison-system-directories --disable-static --enable-nls --with-glibc-version=2.28 --enable-initfini-array --enable-__cxa_atexit
Thread model: posix
Supported LTO compression algorithms: zlib zstd
gcc version 11.3.0 (GCC) 
COLLECT_GCC_OPTIONS='-mcpu=cortex-a72' '-march=armv8-a+crc' '-fstack-protector-strong' '-O2' '-D' '_FORTIFY_SOURCE=2' '-Wformat=1' '-Wformat-security' '-Werror=format-security' '-O2' '-pipe' '-g' '-feliminate-unused-debug-types' '-v' '-o' 'CMakeFiles/cmTC_80494.dir/CMakeCCompilerABI.c.o' '-c' '-mlittle-endian' '-mabi=lp64' '-dumpdir' 'CMakeFiles/cmTC_80494.dir/'
 /opt/mydistro/1.0/sysroots/x86_64-mydistro-linux/usr/libexec/aarch64-mydistro-linux/gcc/aarch64-mydistro-linux/11.3.0/cc1 -quiet -v -isysroot /opt/mydistro/1.0/sysroots/cortexa72-mydistro-linux -D _FORTIFY_SOURCE=2 /opt/mydistro/1.0/sysroots/x86_64-mydistro-linux/usr/share/cmake-3.22/Modules/CMakeCCompilerABI.c -quiet -dumpdir CMakeFiles/cmTC_80494.dir/ -dumpbase CMakeCCompilerABI.c.c -dumpbase-ext .c -mcpu=cortex-a72 -march=armv8-a+crc -mlittle-endian -mabi=lp64 -g -O2 -O2 -Wformat=1 -Wformat-security -Werror=format-security -version -fstack-protector-strong -feliminate-unused-debug-types -o - |
 /opt/mydistro/1.0/sysroots/x86_64-mydistro-linux/usr/libexec/aarch64-mydistro-linux/gcc/aarch64-mydistro-linux/11.3.0/as -v --gdwarf-5 -EL -march=armv8-a+crc -march=armv8-a+crc -mabi=lp64 -o CMakeFiles/cmTC_80494.dir/CMakeCCompilerABI.c.o
GNU assembler version 2.38 (aarch64-mydistro-linux) using BFD version (GNU Binutils) 2.38.20220708
GNU C17 (GCC) version 11.3.0 (aarch64-mydistro-linux)
	compiled by GNU C version 11.3.0, GMP version 6.2.1, MPFR version 4.1.0, MPC version 1.2.1, isl version none
GGC heuristics: --param ggc-min-expand=100 --param ggc-min-heapsize=131072
ignoring nonexistent directory "/opt/mydistro/1.0/sysroots/cortexa72-mydistro-linux/usr/local/include"
ignoring nonexistent directory "/opt/mydistro/1.0/sysroots/x86_64-mydistro-linux/usr/lib/aarch64-mydistro-linux/gcc/aarch64-mydistro-linux/11.3.0/../../../../../aarch64-mydistro-linux/include"
#include "..." search starts here:
#include <...> search starts here:
 /opt/mydistro/1.0/sysroots/x86_64-mydistro-linux/usr/lib/aarch64-mydistro-linux/gcc/aarch64-mydistro-linux/11.3.0/include
 /opt/mydistro/1.0/sysroots/cortexa72-mydistro-linux/usr/lib/aarch64-mydistro-linux/11.3.0/include
 /opt/mydistro/1.0/sysroots/x86_64-mydistro-linux/usr/lib/aarch64-mydistro-linux/gcc/aarch64-mydistro-linux/11.3.0/include-fixed
 /opt/mydistro/1.0/sysroots/cortexa72-mydistro-linux/usr/include/
End of search list.
GNU C17 (GCC) version 11.3.0 (aarch64-mydistro-linux)
	compiled by GNU C version 11.3.0, GMP version 6.2.1, MPFR version 4.1.0, MPC version 1.2.1, isl version none
GGC heuristics: --param ggc-min-expand=100 --param ggc-min-heapsize=131072
Compiler executable checksum: 70dd9477cc663048019270d24cf32db2
COMPILER_PATH=/opt/mydistro/1.0/sysroots/x86_64-mydistro-linux/usr/libexec/aarch64-mydistro-linux/gcc/aarch64-mydistro-linux/11.3.0/:/opt/mydistro/1.0/sysroots/x86_64-mydistro-linux/usr/libexec/aarch64-mydistro-linux/gcc/aarch64-mydistro-linux/11.3.0/:/opt/mydistro/1.0/sysroots/x86_64-mydistro-linux/usr/libexec/aarch64-mydistro-linux/gcc/aarch64-mydistro-linux/:/opt/mydistro/1.0/sysroots/x86_64-mydistro-linux/usr/lib/aarch64-mydistro-linux/gcc/aarch64-mydistro-linux/11.3.0/:/opt/mydistro/1.0/sysroots/x86_64-mydistro-linux/usr/lib/aarch64-mydistro-linux/gcc/aarch64-mydistro-linux/
LIBRARY_PATH=/opt/mydistro/1.0/sysroots/x86_64-mydistro-linux/usr/lib/aarch64-mydistro-linux/gcc/aarch64-mydistro-linux/11.3.0/:/opt/mydistro/1.0/sysroots/cortexa72-mydistro-linux/lib/:/opt/mydistro/1.0/sysroots/cortexa72-mydistro-linux/usr/lib/aarch64-mydistro-linux/11.3.0/:/opt/mydistro/1.0/sysroots/cortexa72-mydistro-linux/usr/lib/
COLLECT_GCC_OPTIONS='-mcpu=cortex-a72' '-march=armv8-a+crc' '-fstack-protector-strong' '-O2' '-D' '_FORTIFY_SOURCE=2' '-Wformat=1' '-Wformat-security' '-Werror=format-security' '-O2' '-pipe' '-g' '-feliminate-unused-debug-types' '-v' '-o' 'CMakeFiles/cmTC_80494.dir/CMakeCCompilerABI.c.o' '-c' '-mlittle-endian' '-mabi=lp64' '-dumpdir' 'CMakeFiles/cmTC_80494.dir/CMakeCCompilerABI.c.'
Linking C executable cmTC_80494
/opt/mydistro/1.0/sysroots/x86_64-mydistro-linux/usr/bin/cmake -E cmake_link_script CMakeFiles/cmTC_80494.dir/link.txt --verbose=1
/opt/mydistro/1.0/sysroots/x86_64-mydistro-linux/usr/bin/aarch64-mydistro-linux/aarch64-mydistro-linux-gcc   -mcpu=cortex-a72 -march=armv8-a+crc -fstack-protector-strong  -O2 -D_FORTIFY_SOURCE=2 -Wformat -Wformat-security -Werror=format-security --sysroot=/opt/mydistro/1.0/sysroots/cortexa72-mydistro-linux --sysroot=/opt/mydistro/1.0/sysroots/cortexa72-mydistro-linux  -O2 -pipe -g -feliminate-unused-debug-types   -Wl,-O1 -Wl,--hash-style=gnu -Wl,--as-needed  -Wl,-z,relro,-z,now -v CMakeFiles/cmTC_80494.dir/CMakeCCompilerABI.c.o -o cmTC_80494 
Using built-in specs.
COLLECT_GCC=/opt/mydistro/1.0/sysroots/x86_64-mydistro-linux/usr/bin/aarch64-mydistro-linux/aarch64-mydistro-linux-gcc
COLLECT_LTO_WRAPPER=/opt/mydistro/1.0/sysroots/x86_64-mydistro-linux/usr/libexec/aarch64-mydistro-linux/gcc/aarch64-mydistro-linux/11.3.0/lto-wrapper
Target: aarch64-mydistro-linux
Configured with: ../../../../../work-shared/gcc-11.3.0-r0/gcc-11.3.0/configure --build=x86_64-linux --host=x86_64-mydistro-linux --target=aarch64-mydistro-linux --prefix=/usr/local/oe-sdk-hardcoded-buildpath/sysroots/x86_64-mydistro-linux/usr --exec_prefix=/usr/local/oe-sdk-hardcoded-buildpath/sysroots/x86_64-mydistro-linux/usr --bindir=/usr/local/oe-sdk-hardcoded-buildpath/sysroots/x86_64-mydistro-linux/usr/bin/aarch64-mydistro-linux --sbindir=/usr/local/oe-sdk-hardcoded-buildpath/sysroots/x86_64-mydistro-linux/usr/bin/aarch64-mydistro-linux --libexecdir=/usr/local/oe-sdk-hardcoded-buildpath/sysroots/x86_64-mydistro-linux/usr/libexec/aarch64-mydistro-linux --datadir=/usr/local/oe-sdk-hardcoded-buildpath/sysroots/x86_64-mydistro-linux/usr/share --sysconfdir=/usr/local/oe-sdk-hardcoded-buildpath/sysroots/x86_64-mydistro-linux/etc --sharedstatedir=/usr/local/oe-sdk-hardcoded-buildpath/sysroots/x86_64-mydistro-linux/com --localstatedir=/usr/local/oe-sdk-hardcoded-buildpath/sysroots/x86_64-mydistro-linux/var --libdir=/usr/local/oe-sdk-hardcoded-buildpath/sysroots/x86_64-mydistro-linux/usr/lib/aarch64-mydistro-linux --includedir=/usr/local/oe-sdk-hardcoded-buildpath/sysroots/x86_64-mydistro-linux/usr/include --oldincludedir=/usr/local/oe-sdk-hardcoded-buildpath/sysroots/x86_64-mydistro-linux/usr/include --infodir=/usr/local/oe-sdk-hardcoded-buildpath/sysroots/x86_64-mydistro-linux/usr/share/info --mandir=/usr/local/oe-sdk-hardcoded-buildpath/sysroots/x86_64-mydistro-linux/usr/share/man --disable-silent-rules --disable-dependency-tracking --with-libtool-sysroot=/home/hussam/poky/build2/tmp/work/x86_64-nativesdk-mydistro-linux/gcc-cross-canadian-aarch64/11.3.0-r0/recipe-sysroot --with-gnu-ld --enable-shared --enable-languages=c,c++ --enable-threads=posix --enable-multilib --enable-default-pie --enable-c99 --enable-long-long --enable-symvers=gnu --enable-libstdcxx-pch --program-prefix=aarch64-mydistro-linux- --without-local-prefix --disable-install-libiberty --disable-libssp --enable-libitm --enable-lto --disable-bootstrap --with-system-zlib --with-linker-hash-style=gnu --enable-linker-build-id --with-ppl=no --with-cloog=no --enable-checking=release --enable-cheaders=c_global --without-isl --with-gxx-include-dir=/not/exist/usr/include/c++/11.3.0 --with-build-time-tools=/home/hussam/poky/build2/tmp/work/x86_64-nativesdk-mydistro-linux/gcc-cross-canadian-aarch64/11.3.0-r0/recipe-sysroot-native/usr/aarch64-mydistro-linux/bin --with-sysroot=/not/exist --with-build-sysroot=/home/hussam/poky/build2/tmp/work/x86_64-nativesdk-mydistro-linux/gcc-cross-canadian-aarch64/11.3.0-r0/recipe-sysroot --enable-standard-branch-protection --enable-poison-system-directories --disable-static --enable-nls --with-glibc-version=2.28 --enable-initfini-array --enable-__cxa_atexit
Thread model: posix
Supported LTO compression algorithms: zlib zstd
gcc version 11.3.0 (GCC) 
COMPILER_PATH=/opt/mydistro/1.0/sysroots/x86_64-mydistro-linux/usr/libexec/aarch64-mydistro-linux/gcc/aarch64-mydistro-linux/11.3.0/:/opt/mydistro/1.0/sysroots/x86_64-mydistro-linux/usr/libexec/aarch64-mydistro-linux/gcc/aarch64-mydistro-linux/11.3.0/:/opt/mydistro/1.0/sysroots/x86_64-mydistro-linux/usr/libexec/aarch64-mydistro-linux/gcc/aarch64-mydistro-linux/:/opt/mydistro/1.0/sysroots/x86_64-mydistro-linux/usr/lib/aarch64-mydistro-linux/gcc/aarch64-mydistro-linux/11.3.0/:/opt/mydistro/1.0/sysroots/x86_64-mydistro-linux/usr/lib/aarch64-mydistro-linux/gcc/aarch64-mydistro-linux/
LIBRARY_PATH=/opt/mydistro/1.0/sysroots/x86_64-mydistro-linux/usr/lib/aarch64-mydistro-linux/gcc/aarch64-mydistro-linux/11.3.0/:/opt/mydistro/1.0/sysroots/cortexa72-mydistro-linux/lib/:/opt/mydistro/1.0/sysroots/cortexa72-mydistro-linux/usr/lib/aarch64-mydistro-linux/11.3.0/:/opt/mydistro/1.0/sysroots/cortexa72-mydistro-linux/usr/lib/
COLLECT_GCC_OPTIONS='-mcpu=cortex-a72' '-march=armv8-a+crc' '-fstack-protector-strong' '-O2' '-D' '_FORTIFY_SOURCE=2' '-Wformat=1' '-Wformat-security' '-Werror=format-security' '-O2' '-pipe' '-g' '-feliminate-unused-debug-types' '-v' '-o' 'cmTC_80494' '-mlittle-endian' '-mabi=lp64' '-dumpdir' 'cmTC_80494.'
 /opt/mydistro/1.0/sysroots/x86_64-mydistro-linux/usr/libexec/aarch64-mydistro-linux/gcc/aarch64-mydistro-linux/11.3.0/collect2 -plugin /opt/mydistro/1.0/sysroots/x86_64-mydistro-linux/usr/libexec/aarch64-mydistro-linux/gcc/aarch64-mydistro-linux/11.3.0/liblto_plugin.so -plugin-opt=/opt/mydistro/1.0/sysroots/x86_64-mydistro-linux/usr/libexec/aarch64-mydistro-linux/gcc/aarch64-mydistro-linux/11.3.0/lto-wrapper -plugin-opt=-fresolution=/tmp/ccoLNoMV.res -plugin-opt=-pass-through=-lgcc -plugin-opt=-pass-through=-lgcc_s -plugin-opt=-pass-through=-lc -plugin-opt=-pass-through=-lgcc -plugin-opt=-pass-through=-lgcc_s --sysroot=/opt/mydistro/1.0/sysroots/cortexa72-mydistro-linux --build-id --eh-frame-hdr --hash-style=gnu -dynamic-linker /lib/ld-linux-aarch64.so.1 -X -EL -maarch64linux -pie -o cmTC_80494 /opt/mydistro/1.0/sysroots/cortexa72-mydistro-linux/usr/lib/Scrt1.o /opt/mydistro/1.0/sysroots/cortexa72-mydistro-linux/usr/lib/crti.o /opt/mydistro/1.0/sysroots/cortexa72-mydistro-linux/usr/lib/aarch64-mydistro-linux/11.3.0/crtbeginS.o -L/opt/mydistro/1.0/sysroots/x86_64-mydistro-linux/usr/lib/aarch64-mydistro-linux/gcc/aarch64-mydistro-linux/11.3.0 -L/opt/mydistro/1.0/sysroots/cortexa72-mydistro-linux/lib -L/opt/mydistro/1.0/sysroots/cortexa72-mydistro-linux/usr/lib/aarch64-mydistro-linux/11.3.0 -L/opt/mydistro/1.0/sysroots/cortexa72-mydistro-linux/usr/lib -O1 --hash-style=gnu --as-needed -z relro -z now CMakeFiles/cmTC_80494.dir/CMakeCCompilerABI.c.o -lgcc --push-state --as-needed -lgcc_s --pop-state -lc -lgcc --push-state --as-needed -lgcc_s --pop-state /opt/mydistro/1.0/sysroots/cortexa72-mydistro-linux/usr/lib/aarch64-mydistro-linux/11.3.0/crtendS.o /opt/mydistro/1.0/sysroots/cortexa72-mydistro-linux/usr/lib/crtn.o
COLLECT_GCC_OPTIONS='-mcpu=cortex-a72' '-march=armv8-a+crc' '-fstack-protector-strong' '-O2' '-D' '_FORTIFY_SOURCE=2' '-Wformat=1' '-Wformat-security' '-Werror=format-security' '-O2' '-pipe' '-g' '-feliminate-unused-debug-types' '-v' '-o' 'cmTC_80494' '-mlittle-endian' '-mabi=lp64' '-dumpdir' 'cmTC_80494.'
gmake[1]: Leaving directory '/home/hussam/poky/meta-mylayer/recipes-apps/objectdetcpp/files/build/CMakeFiles/CMakeTmp'



Parsed C implicit include dir info from above output: rv=done
  found start of include info
  found start of implicit include info
    add: [/opt/mydistro/1.0/sysroots/x86_64-mydistro-linux/usr/lib/aarch64-mydistro-linux/gcc/aarch64-mydistro-linux/11.3.0/include]
    add: [/opt/mydistro/1.0/sysroots/cortexa72-mydistro-linux/usr/lib/aarch64-mydistro-linux/11.3.0/include]
    add: [/opt/mydistro/1.0/sysroots/x86_64-mydistro-linux/usr/lib/aarch64-mydistro-linux/gcc/aarch64-mydistro-linux/11.3.0/include-fixed]
    add: [/opt/mydistro/1.0/sysroots/cortexa72-mydistro-linux/usr/include/]
  end of search list found
  collapse include dir [/opt/mydistro/1.0/sysroots/x86_64-mydistro-linux/usr/lib/aarch64-mydistro-linux/gcc/aarch64-mydistro-linux/11.3.0/include] ==> [/opt/mydistro/1.0/sysroots/x86_64-mydistro-linux/usr/lib/aarch64-mydistro-linux/gcc/aarch64-mydistro-linux/11.3.0/include]
  collapse include dir [/opt/mydistro/1.0/sysroots/cortexa72-mydistro-linux/usr/lib/aarch64-mydistro-linux/11.3.0/include] ==> [/opt/mydistro/1.0/sysroots/cortexa72-mydistro-linux/usr/lib/aarch64-mydistro-linux/11.3.0/include]
  collapse include dir [/opt/mydistro/1.0/sysroots/x86_64-mydistro-linux/usr/lib/aarch64-mydistro-linux/gcc/aarch64-mydistro-linux/11.3.0/include-fixed] ==> [/opt/mydistro/1.0/sysroots/x86_64-mydistro-linux/usr/lib/aarch64-mydistro-linux/gcc/aarch64-mydistro-linux/11.3.0/include-fixed]
  collapse include dir [/opt/mydistro/1.0/sysroots/cortexa72-mydistro-linux/usr/include/] ==> [/opt/mydistro/1.0/sysroots/cortexa72-mydistro-linux/usr/include]
  implicit include dirs: [/opt/mydistro/1.0/sysroots/x86_64-mydistro-linux/usr/lib/aarch64-mydistro-linux/gcc/aarch64-mydistro-linux/11.3.0/include;/opt/mydistro/1.0/sysroots/cortexa72-mydistro-linux/usr/lib/aarch64-mydistro-linux/11.3.0/include;/opt/mydistro/1.0/sysroots/x86_64-mydistro-linux/usr/lib/aarch64-mydistro-linux/gcc/aarch64-mydistro-linux/11.3.0/include-fixed;/opt/mydistro/1.0/sysroots/cortexa72-mydistro-linux/usr/include]


Parsed C implicit link information from above output:
  link line regex: [^( *|.*[/\])(aarch64-mydistro-linux-ld|CMAKE_LINK_STARTFILE-NOTFOUND|([^/\]+-)?ld|collect2)[^/\]*( |$)]
  ignore line: [Change Dir: /home/hussam/poky/meta-mylayer/recipes-apps/objectdetcpp/files/build/CMakeFiles/CMakeTmp]
  ignore line: []
  ignore line: [Run Build Command(s):/usr/bin/gmake -f Makefile cmTC_80494/fast && /usr/bin/gmake  -f CMakeFiles/cmTC_80494.dir/build.make CMakeFiles/cmTC_80494.dir/build]
  ignore line: [gmake[1]: Entering directory '/home/hussam/poky/meta-mylayer/recipes-apps/objectdetcpp/files/build/CMakeFiles/CMakeTmp']
  ignore line: [Building C object CMakeFiles/cmTC_80494.dir/CMakeCCompilerABI.c.o]
  ignore line: [/opt/mydistro/1.0/sysroots/x86_64-mydistro-linux/usr/bin/aarch64-mydistro-linux/aarch64-mydistro-linux-gcc   -mcpu=cortex-a72 -march=armv8-a+crc -fstack-protector-strong  -O2 -D_FORTIFY_SOURCE=2 -Wformat -Wformat-security -Werror=format-security --sysroot=/opt/mydistro/1.0/sysroots/cortexa72-mydistro-linux --sysroot=/opt/mydistro/1.0/sysroots/cortexa72-mydistro-linux   -O2 -pipe -g -feliminate-unused-debug-types     -v -o CMakeFiles/cmTC_80494.dir/CMakeCCompilerABI.c.o -c /opt/mydistro/1.0/sysroots/x86_64-mydistro-linux/usr/share/cmake-3.22/Modules/CMakeCCompilerABI.c]
  ignore line: [Using built-in specs.]
  ignore line: [COLLECT_GCC=/opt/mydistro/1.0/sysroots/x86_64-mydistro-linux/usr/bin/aarch64-mydistro-linux/aarch64-mydistro-linux-gcc]
  ignore line: [Target: aarch64-mydistro-linux]
  ignore line: [Configured with: ../../../../../work-shared/gcc-11.3.0-r0/gcc-11.3.0/configure --build=x86_64-linux --host=x86_64-mydistro-linux --target=aarch64-mydistro-linux --prefix=/usr/local/oe-sdk-hardcoded-buildpath/sysroots/x86_64-mydistro-linux/usr --exec_prefix=/usr/local/oe-sdk-hardcoded-buildpath/sysroots/x86_64-mydistro-linux/usr --bindir=/usr/local/oe-sdk-hardcoded-buildpath/sysroots/x86_64-mydistro-linux/usr/bin/aarch64-mydistro-linux --sbindir=/usr/local/oe-sdk-hardcoded-buildpath/sysroots/x86_64-mydistro-linux/usr/bin/aarch64-mydistro-linux --libexecdir=/usr/local/oe-sdk-hardcoded-buildpath/sysroots/x86_64-mydistro-linux/usr/libexec/aarch64-mydistro-linux --datadir=/usr/local/oe-sdk-hardcoded-buildpath/sysroots/x86_64-mydistro-linux/usr/share --sysconfdir=/usr/local/oe-sdk-hardcoded-buildpath/sysroots/x86_64-mydistro-linux/etc --sharedstatedir=/usr/local/oe-sdk-hardcoded-buildpath/sysroots/x86_64-mydistro-linux/com --localstatedir=/usr/local/oe-sdk-hardcoded-buildpath/sysroots/x86_64-mydistro-linux/var --libdir=/usr/local/oe-sdk-hardcoded-buildpath/sysroots/x86_64-mydistro-linux/usr/lib/aarch64-mydistro-linux --includedir=/usr/local/oe-sdk-hardcoded-buildpath/sysroots/x86_64-mydistro-linux/usr/include --oldincludedir=/usr/local/oe-sdk-hardcoded-buildpath/sysroots/x86_64-mydistro-linux/usr/include --infodir=/usr/local/oe-sdk-hardcoded-buildpath/sysroots/x86_64-mydistro-linux/usr/share/info --mandir=/usr/local/oe-sdk-hardcoded-buildpath/sysroots/x86_64-mydistro-linux/usr/share/man --disable-silent-rules --disable-dependency-tracking --with-libtool-sysroot=/home/hussam/poky/build2/tmp/work/x86_64-nativesdk-mydistro-linux/gcc-cross-canadian-aarch64/11.3.0-r0/recipe-sysroot --with-gnu-ld --enable-shared --enable-languages=c,c++ --enable-threads=posix --enable-multilib --enable-default-pie --enable-c99 --enable-long-long --enable-symvers=gnu --enable-libstdcxx-pch --program-prefix=aarch64-mydistro-linux- --without-local-prefix --disable-install-libiberty --disable-libssp --enable-libitm --enable-lto --disable-bootstrap --with-system-zlib --with-linker-hash-style=gnu --enable-linker-build-id --with-ppl=no --with-cloog=no --enable-checking=release --enable-cheaders=c_global --without-isl --with-gxx-include-dir=/not/exist/usr/include/c++/11.3.0 --with-build-time-tools=/home/hussam/poky/build2/tmp/work/x86_64-nativesdk-mydistro-linux/gcc-cross-canadian-aarch64/11.3.0-r0/recipe-sysroot-native/usr/aarch64-mydistro-linux/bin --with-sysroot=/not/exist --with-build-sysroot=/home/hussam/poky/build2/tmp/work/x86_64-nativesdk-mydistro-linux/gcc-cross-canadian-aarch64/11.3.0-r0/recipe-sysroot --enable-standard-branch-protection --enable-poison-system-directories --disable-static --enable-nls --with-glibc-version=2.28 --enable-initfini-array --enable-__cxa_atexit]
  ignore line: [Thread model: posix]
  ignore line: [Supported LTO compression algorithms: zlib zstd]
  ignore line: [gcc version 11.3.0 (GCC) ]
  ignore line: [COLLECT_GCC_OPTIONS='-mcpu=cortex-a72' '-march=armv8-a+crc' '-fstack-protector-strong' '-O2' '-D' '_FORTIFY_SOURCE=2' '-Wformat=1' '-Wformat-security' '-Werror=format-security' '-O2' '-pipe' '-g' '-feliminate-unused-debug-types' '-v' '-o' 'CMakeFiles/cmTC_80494.dir/CMakeCCompilerABI.c.o' '-c' '-mlittle-endian' '-mabi=lp64' '-dumpdir' 'CMakeFiles/cmTC_80494.dir/']
  ignore line: [ /opt/mydistro/1.0/sysroots/x86_64-mydistro-linux/usr/libexec/aarch64-mydistro-linux/gcc/aarch64-mydistro-linux/11.3.0/cc1 -quiet -v -isysroot /opt/mydistro/1.0/sysroots/cortexa72-mydistro-linux -D _FORTIFY_SOURCE=2 /opt/mydistro/1.0/sysroots/x86_64-mydistro-linux/usr/share/cmake-3.22/Modules/CMakeCCompilerABI.c -quiet -dumpdir CMakeFiles/cmTC_80494.dir/ -dumpbase CMakeCCompilerABI.c.c -dumpbase-ext .c -mcpu=cortex-a72 -march=armv8-a+crc -mlittle-endian -mabi=lp64 -g -O2 -O2 -Wformat=1 -Wformat-security -Werror=format-security -version -fstack-protector-strong -feliminate-unused-debug-types -o - |]
  ignore line: [ /opt/mydistro/1.0/sysroots/x86_64-mydistro-linux/usr/libexec/aarch64-mydistro-linux/gcc/aarch64-mydistro-linux/11.3.0/as -v --gdwarf-5 -EL -march=armv8-a+crc -march=armv8-a+crc -mabi=lp64 -o CMakeFiles/cmTC_80494.dir/CMakeCCompilerABI.c.o]
  ignore line: [GNU assembler version 2.38 (aarch64-mydistro-linux) using BFD version (GNU Binutils) 2.38.20220708]
  ignore line: [GNU C17 (GCC) version 11.3.0 (aarch64-mydistro-linux)]
  ignore line: [	compiled by GNU C version 11.3.0  GMP version 6.2.1  MPFR version 4.1.0  MPC version 1.2.1  isl version none]
  ignore line: [GGC heuristics: --param ggc-min-expand=100 --param ggc-min-heapsize=131072]
  ignore line: [ignoring nonexistent directory "/opt/mydistro/1.0/sysroots/cortexa72-mydistro-linux/usr/local/include"]
  ignore line: [ignoring nonexistent directory "/opt/mydistro/1.0/sysroots/x86_64-mydistro-linux/usr/lib/aarch64-mydistro-linux/gcc/aarch64-mydistro-linux/11.3.0/../../../../../aarch64-mydistro-linux/include"]
  ignore line: [#include "..." search starts here:]
  ignore line: [#include <...> search starts here:]
  ignore line: [ /opt/mydistro/1.0/sysroots/x86_64-mydistro-linux/usr/lib/aarch64-mydistro-linux/gcc/aarch64-mydistro-linux/11.3.0/include]
  ignore line: [ /opt/mydistro/1.0/sysroots/cortexa72-mydistro-linux/usr/lib/aarch64-mydistro-linux/11.3.0/include]
  ignore line: [ /opt/mydistro/1.0/sysroots/x86_64-mydistro-linux/usr/lib/aarch64-mydistro-linux/gcc/aarch64-mydistro-linux/11.3.0/include-fixed]
  ignore line: [ /opt/mydistro/1.0/sysroots/cortexa72-mydistro-linux/usr/include/]
  ignore line: [End of search list.]
  ignore line: [GNU C17 (GCC) version 11.3.0 (aarch64-mydistro-linux)]
  ignore line: [	compiled by GNU C version 11.3.0  GMP version 6.2.1  MPFR version 4.1.0  MPC version 1.2.1  isl version none]
  ignore line: [GGC heuristics: --param ggc-min-expand=100 --param ggc-min-heapsize=131072]
  ignore line: [Compiler executable checksum: 70dd9477cc663048019270d24cf32db2]
  ignore line: [COMPILER_PATH=/opt/mydistro/1.0/sysroots/x86_64-mydistro-linux/usr/libexec/aarch64-mydistro-linux/gcc/aarch64-mydistro-linux/11.3.0/:/opt/mydistro/1.0/sysroots/x86_64-mydistro-linux/usr/libexec/aarch64-mydistro-linux/gcc/aarch64-mydistro-linux/11.3.0/:/opt/mydistro/1.0/sysroots/x86_64-mydistro-linux/usr/libexec/aarch64-mydistro-linux/gcc/aarch64-mydistro-linux/:/opt/mydistro/1.0/sysroots/x86_64-mydistro-linux/usr/lib/aarch64-mydistro-linux/gcc/aarch64-mydistro-linux/11.3.0/:/opt/mydistro/1.0/sysroots/x86_64-mydistro-linux/usr/lib/aarch64-mydistro-linux/gcc/aarch64-mydistro-linux/]
  ignore line: [LIBRARY_PATH=/opt/mydistro/1.0/sysroots/x86_64-mydistro-linux/usr/lib/aarch64-mydistro-linux/gcc/aarch64-mydistro-linux/11.3.0/:/opt/mydistro/1.0/sysroots/cortexa72-mydistro-linux/lib/:/opt/mydistro/1.0/sysroots/cortexa72-mydistro-linux/usr/lib/aarch64-mydistro-linux/11.3.0/:/opt/mydistro/1.0/sysroots/cortexa72-mydistro-linux/usr/lib/]
  ignore line: [COLLECT_GCC_OPTIONS='-mcpu=cortex-a72' '-march=armv8-a+crc' '-fstack-protector-strong' '-O2' '-D' '_FORTIFY_SOURCE=2' '-Wformat=1' '-Wformat-security' '-Werror=format-security' '-O2' '-pipe' '-g' '-feliminate-unused-debug-types' '-v' '-o' 'CMakeFiles/cmTC_80494.dir/CMakeCCompilerABI.c.o' '-c' '-mlittle-endian' '-mabi=lp64' '-dumpdir' 'CMakeFiles/cmTC_80494.dir/CMakeCCompilerABI.c.']
  ignore line: [Linking C executable cmTC_80494]
  ignore line: [/opt/mydistro/1.0/sysroots/x86_64-mydistro-linux/usr/bin/cmake -E cmake_link_script CMakeFiles/cmTC_80494.dir/link.txt --verbose=1]
  ignore line: [/opt/mydistro/1.0/sysroots/x86_64-mydistro-linux/usr/bin/aarch64-mydistro-linux/aarch64-mydistro-linux-gcc   -mcpu=cortex-a72 -march=armv8-a+crc -fstack-protector-strong  -O2 -D_FORTIFY_SOURCE=2 -Wformat -Wformat-security -Werror=format-security --sysroot=/opt/mydistro/1.0/sysroots/cortexa72-mydistro-linux --sysroot=/opt/mydistro/1.0/sysroots/cortexa72-mydistro-linux  -O2 -pipe -g -feliminate-unused-debug-types   -Wl -O1 -Wl --hash-style=gnu -Wl --as-needed  -Wl -z relro -z now -v CMakeFiles/cmTC_80494.dir/CMakeCCompilerABI.c.o -o cmTC_80494 ]
  ignore line: [Using built-in specs.]
  ignore line: [COLLECT_GCC=/opt/mydistro/1.0/sysroots/x86_64-mydistro-linux/usr/bin/aarch64-mydistro-linux/aarch64-mydistro-linux-gcc]
  ignore line: [COLLECT_LTO_WRAPPER=/opt/mydistro/1.0/sysroots/x86_64-mydistro-linux/usr/libexec/aarch64-mydistro-linux/gcc/aarch64-mydistro-linux/11.3.0/lto-wrapper]
  ignore line: [Target: aarch64-mydistro-linux]
  ignore line: [Configured with: ../../../../../work-shared/gcc-11.3.0-r0/gcc-11.3.0/configure --build=x86_64-linux --host=x86_64-mydistro-linux --target=aarch64-mydistro-linux --prefix=/usr/local/oe-sdk-hardcoded-buildpath/sysroots/x86_64-mydistro-linux/usr --exec_prefix=/usr/local/oe-sdk-hardcoded-buildpath/sysroots/x86_64-mydistro-linux/usr --bindir=/usr/local/oe-sdk-hardcoded-buildpath/sysroots/x86_64-mydistro-linux/usr/bin/aarch64-mydistro-linux --sbindir=/usr/local/oe-sdk-hardcoded-buildpath/sysroots/x86_64-mydistro-linux/usr/bin/aarch64-mydistro-linux --libexecdir=/usr/local/oe-sdk-hardcoded-buildpath/sysroots/x86_64-mydistro-linux/usr/libexec/aarch64-mydistro-linux --datadir=/usr/local/oe-sdk-hardcoded-buildpath/sysroots/x86_64-mydistro-linux/usr/share --sysconfdir=/usr/local/oe-sdk-hardcoded-buildpath/sysroots/x86_64-mydistro-linux/etc --sharedstatedir=/usr/local/oe-sdk-hardcoded-buildpath/sysroots/x86_64-mydistro-linux/com --localstatedir=/usr/local/oe-sdk-hardcoded-buildpath/sysroots/x86_64-mydistro-linux/var --libdir=/usr/local/oe-sdk-hardcoded-buildpath/sysroots/x86_64-mydistro-linux/usr/lib/aarch64-mydistro-linux --includedir=/usr/local/oe-sdk-hardcoded-buildpath/sysroots/x86_64-mydistro-linux/usr/include --oldincludedir=/usr/local/oe-sdk-hardcoded-buildpath/sysroots/x86_64-mydistro-linux/usr/include --infodir=/usr/local/oe-sdk-hardcoded-buildpath/sysroots/x86_64-mydistro-linux/usr/share/info --mandir=/usr/local/oe-sdk-hardcoded-buildpath/sysroots/x86_64-mydistro-linux/usr/share/man --disable-silent-rules --disable-dependency-tracking --with-libtool-sysroot=/home/hussam/poky/build2/tmp/work/x86_64-nativesdk-mydistro-linux/gcc-cross-canadian-aarch64/11.3.0-r0/recipe-sysroot --with-gnu-ld --enable-shared --enable-languages=c,c++ --enable-threads=posix --enable-multilib --enable-default-pie --enable-c99 --enable-long-long --enable-symvers=gnu --enable-libstdcxx-pch --program-prefix=aarch64-mydistro-linux- --without-local-prefix --disable-install-libiberty --disable-libssp --enable-libitm --enable-lto --disable-bootstrap --with-system-zlib --with-linker-hash-style=gnu --enable-linker-build-id --with-ppl=no --with-cloog=no --enable-checking=release --enable-cheaders=c_global --without-isl --with-gxx-include-dir=/not/exist/usr/include/c++/11.3.0 --with-build-time-tools=/home/hussam/poky/build2/tmp/work/x86_64-nativesdk-mydistro-linux/gcc-cross-canadian-aarch64/11.3.0-r0/recipe-sysroot-native/usr/aarch64-mydistro-linux/bin --with-sysroot=/not/exist --with-build-sysroot=/home/hussam/poky/build2/tmp/work/x86_64-nativesdk-mydistro-linux/gcc-cross-canadian-aarch64/11.3.0-r0/recipe-sysroot --enable-standard-branch-protection --enable-poison-system-directories --disable-static --enable-nls --with-glibc-version=2.28 --enable-initfini-array --enable-__cxa_atexit]
  ignore line: [Thread model: posix]
  ignore line: [Supported LTO compression algorithms: zlib zstd]
  ignore line: [gcc version 11.3.0 (GCC) ]
  ignore line: [COMPILER_PATH=/opt/mydistro/1.0/sysroots/x86_64-mydistro-linux/usr/libexec/aarch64-mydistro-linux/gcc/aarch64-mydistro-linux/11.3.0/:/opt/mydistro/1.0/sysroots/x86_64-mydistro-linux/usr/libexec/aarch64-mydistro-linux/gcc/aarch64-mydistro-linux/11.3.0/:/opt/mydistro/1.0/sysroots/x86_64-mydistro-linux/usr/libexec/aarch64-mydistro-linux/gcc/aarch64-mydistro-linux/:/opt/mydistro/1.0/sysroots/x86_64-mydistro-linux/usr/lib/aarch64-mydistro-linux/gcc/aarch64-mydistro-linux/11.3.0/:/opt/mydistro/1.0/sysroots/x86_64-mydistro-linux/usr/lib/aarch64-mydistro-linux/gcc/aarch64-mydistro-linux/]
  ignore line: [LIBRARY_PATH=/opt/mydistro/1.0/sysroots/x86_64-mydistro-linux/usr/lib/aarch64-mydistro-linux/gcc/aarch64-mydistro-linux/11.3.0/:/opt/mydistro/1.0/sysroots/cortexa72-mydistro-linux/lib/:/opt/mydistro/1.0/sysroots/cortexa72-mydistro-linux/usr/lib/aarch64-mydistro-linux/11.3.0/:/opt/mydistro/1.0/sysroots/cortexa72-mydistro-linux/usr/lib/]
  ignore line: [COLLECT_GCC_OPTIONS='-mcpu=cortex-a72' '-march=armv8-a+crc' '-fstack-protector-strong' '-O2' '-D' '_FORTIFY_SOURCE=2' '-Wformat=1' '-Wformat-security' '-Werror=format-security' '-O2' '-pipe' '-g' '-feliminate-unused-debug-types' '-v' '-o' 'cmTC_80494' '-mlittle-endian' '-mabi=lp64' '-dumpdir' 'cmTC_80494.']
  link line: [ /opt/mydistro/1.0/sysroots/x86_64-mydistro-linux/usr/libexec/aarch64-mydistro-linux/gcc/aarch64-mydistro-linux/11.3.0/collect2 -plugin /opt/mydistro/1.0/sysroots/x86_64-mydistro-linux/usr/libexec/aarch64-mydistro-linux/gcc/aarch64-mydistro-linux/11.3.0/liblto_plugin.so -plugin-opt=/opt/mydistro/1.0/sysroots/x86_64-mydistro-linux/usr/libexec/aarch64-mydistro-linux/gcc/aarch64-mydistro-linux/11.3.0/lto-wrapper -plugin-opt=-fresolution=/tmp/ccoLNoMV.res -plugin-opt=-pass-through=-lgcc -plugin-opt=-pass-through=-lgcc_s -plugin-opt=-pass-through=-lc -plugin-opt=-pass-through=-lgcc -plugin-opt=-pass-through=-lgcc_s --sysroot=/opt/mydistro/1.0/sysroots/cortexa72-mydistro-linux --build-id --eh-frame-hdr --hash-style=gnu -dynamic-linker /lib/ld-linux-aarch64.so.1 -X -EL -maarch64linux -pie -o cmTC_80494 /opt/mydistro/1.0/sysroots/cortexa72-mydistro-linux/usr/lib/Scrt1.o /opt/mydistro/1.0/sysroots/cortexa72-mydistro-linux/usr/lib/crti.o /opt/mydistro/1.0/sysroots/cortexa72-mydistro-linux/usr/lib/aarch64-mydistro-linux/11.3.0/crtbeginS.o -L/opt/mydistro/1.0/sysroots/x86_64-mydistro-linux/usr/lib/aarch64-mydistro-linux/gcc/aarch64-mydistro-linux/11.3.0 -L/opt/mydistro/1.0/sysroots/cortexa72-mydistro-linux/lib -L/opt/mydistro/1.0/sysroots/cortexa72-mydistro-linux/usr/lib/aarch64-mydistro-linux/11.3.0 -L/opt/mydistro/1.0/sysroots/cortexa72-mydistro-linux/usr/lib -O1 --hash-style=gnu --as-needed -z relro -z now CMakeFiles/cmTC_80494.dir/CMakeCCompilerABI.c.o -lgcc --push-state --as-needed -lgcc_s --pop-state -lc -lgcc --push-state --as-needed -lgcc_s --pop-state /opt/mydistro/1.0/sysroots/cortexa72-mydistro-linux/usr/lib/aarch64-mydistro-linux/11.3.0/crtendS.o /opt/mydistro/1.0/sysroots/cortexa72-mydistro-linux/usr/lib/crtn.o]
    arg [/opt/mydistro/1.0/sysroots/x86_64-mydistro-linux/usr/libexec/aarch64-mydistro-linux/gcc/aarch64-mydistro-linux/11.3.0/collect2] ==> ignore
    arg [-plugin] ==> ignore
    arg [/opt/mydistro/1.0/sysroots/x86_64-mydistro-linux/usr/libexec/aarch64-mydistro-linux/gcc/aarch64-mydistro-linux/11.3.0/liblto_plugin.so] ==> ignore
    arg [-plugin-opt=/opt/mydistro/1.0/sysroots/x86_64-mydistro-linux/usr/libexec/aarch64-mydistro-linux/gcc/aarch64-mydistro-linux/11.3.0/lto-wrapper] ==> ignore
    arg [-plugin-opt=-fresolution=/tmp/ccoLNoMV.res] ==> ignore
    arg [-plugin-opt=-pass-through=-lgcc] ==> ignore
    arg [-plugin-opt=-pass-through=-lgcc_s] ==> ignore
    arg [-plugin-opt=-pass-through=-lc] ==> ignore
    arg [-plugin-opt=-pass-through=-lgcc] ==> ignore
    arg [-plugin-opt=-pass-through=-lgcc_s] ==> ignore
    arg [--sysroot=/opt/mydistro/1.0/sysroots/cortexa72-mydistro-linux] ==> ignore
    arg [--build-id] ==> ignore
    arg [--eh-frame-hdr] ==> ignore
    arg [--hash-style=gnu] ==> ignore
    arg [-dynamic-linker] ==> ignore
    arg [/lib/ld-linux-aarch64.so.1] ==> ignore
    arg [-X] ==> ignore
    arg [-EL] ==> ignore
    arg [-maarch64linux] ==> ignore
    arg [-pie] ==> ignore
    arg [-o] ==> ignore
    arg [cmTC_80494] ==> ignore
    arg [/opt/mydistro/1.0/sysroots/cortexa72-mydistro-linux/usr/lib/Scrt1.o] ==> obj [/opt/mydistro/1.0/sysroots/cortexa72-mydistro-linux/usr/lib/Scrt1.o]
    arg [/opt/mydistro/1.0/sysroots/cortexa72-mydistro-linux/usr/lib/crti.o] ==> obj [/opt/mydistro/1.0/sysroots/cortexa72-mydistro-linux/usr/lib/crti.o]
    arg [/opt/mydistro/1.0/sysroots/cortexa72-mydistro-linux/usr/lib/aarch64-mydistro-linux/11.3.0/crtbeginS.o] ==> obj [/opt/mydistro/1.0/sysroots/cortexa72-mydistro-linux/usr/lib/aarch64-mydistro-linux/11.3.0/crtbeginS.o]
    arg [-L/opt/mydistro/1.0/sysroots/x86_64-mydistro-linux/usr/lib/aarch64-mydistro-linux/gcc/aarch64-mydistro-linux/11.3.0] ==> dir [/opt/mydistro/1.0/sysroots/x86_64-mydistro-linux/usr/lib/aarch64-mydistro-linux/gcc/aarch64-mydistro-linux/11.3.0]
    arg [-L/opt/mydistro/1.0/sysroots/cortexa72-mydistro-linux/lib] ==> dir [/opt/mydistro/1.0/sysroots/cortexa72-mydistro-linux/lib]
    arg [-L/opt/mydistro/1.0/sysroots/cortexa72-mydistro-linux/usr/lib/aarch64-mydistro-linux/11.3.0] ==> dir [/opt/mydistro/1.0/sysroots/cortexa72-mydistro-linux/usr/lib/aarch64-mydistro-linux/11.3.0]
    arg [-L/opt/mydistro/1.0/sysroots/cortexa72-mydistro-linux/usr/lib] ==> dir [/opt/mydistro/1.0/sysroots/cortexa72-mydistro-linux/usr/lib]
    arg [-O1] ==> ignore
    arg [--hash-style=gnu] ==> ignore
    arg [--as-needed] ==> ignore
    arg [-zrelro] ==> ignore
    arg [-znow] ==> ignore
    arg [CMakeFiles/cmTC_80494.dir/CMakeCCompilerABI.c.o] ==> ignore
    arg [-lgcc] ==> lib [gcc]
    arg [--push-state] ==> ignore
    arg [--as-needed] ==> ignore
    arg [-lgcc_s] ==> lib [gcc_s]
    arg [--pop-state] ==> ignore
    arg [-lc] ==> lib [c]
    arg [-lgcc] ==> lib [gcc]
    arg [--push-state] ==> ignore
    arg [--as-needed] ==> ignore
    arg [-lgcc_s] ==> lib [gcc_s]
    arg [--pop-state] ==> ignore
    arg [/opt/mydistro/1.0/sysroots/cortexa72-mydistro-linux/usr/lib/aarch64-mydistro-linux/11.3.0/crtendS.o] ==> obj [/opt/mydistro/1.0/sysroots/cortexa72-mydistro-linux/usr/lib/aarch64-mydistro-linux/11.3.0/crtendS.o]
    arg [/opt/mydistro/1.0/sysroots/cortexa72-mydistro-linux/usr/lib/crtn.o] ==> obj [/opt/mydistro/1.0/sysroots/cortexa72-mydistro-linux/usr/lib/crtn.o]
  collapse library dir [/opt/mydistro/1.0/sysroots/x86_64-mydistro-linux/usr/lib/aarch64-mydistro-linux/gcc/aarch64-mydistro-linux/11.3.0] ==> [/opt/mydistro/1.0/sysroots/x86_64-mydistro-linux/usr/lib/aarch64-mydistro-linux/gcc/aarch64-mydistro-linux/11.3.0]
  collapse library dir [/opt/mydistro/1.0/sysroots/cortexa72-mydistro-linux/lib] ==> [/opt/mydistro/1.0/sysroots/cortexa72-mydistro-linux/lib]
  collapse library dir [/opt/mydistro/1.0/sysroots/cortexa72-mydistro-linux/usr/lib/aarch64-mydistro-linux/11.3.0] ==> [/opt/mydistro/1.0/sysroots/cortexa72-mydistro-linux/usr/lib/aarch64-mydistro-linux/11.3.0]
  collapse library dir [/opt/mydistro/1.0/sysroots/cortexa72-mydistro-linux/usr/lib] ==> [/opt/mydistro/1.0/sysroots/cortexa72-mydistro-linux/usr/lib]
  implicit libs: [gcc;gcc_s;c;gcc;gcc_s]
  implicit objs: [/opt/mydistro/1.0/sysroots/cortexa72-mydistro-linux/usr/lib/Scrt1.o;/opt/mydistro/1.0/sysroots/cortexa72-mydistro-linux/usr/lib/crti.o;/opt/mydistro/1.0/sysroots/cortexa72-mydistro-linux/usr/lib/aarch64-mydistro-linux/11.3.0/crtbeginS.o;/opt/mydistro/1.0/sysroots/cortexa72-mydistro-linux/usr/lib/aarch64-mydistro-linux/11.3.0/crtendS.o;/opt/mydistro/1.0/sysroots/cortexa72-mydistro-linux/usr/lib/crtn.o]
  implicit dirs: [/opt/mydistro/1.0/sysroots/x86_64-mydistro-linux/usr/lib/aarch64-mydistro-linux/gcc/aarch64-mydistro-linux/11.3.0;/opt/mydistro/1.0/sysroots/cortexa72-mydistro-linux/lib;/opt/mydistro/1.0/sysroots/cortexa72-mydistro-linux/usr/lib/aarch64-mydistro-linux/11.3.0;/opt/mydistro/1.0/sysroots/cortexa72-mydistro-linux/usr/lib]
  implicit fwks: []


Detecting CXX compiler ABI info compiled with the following output:
Change Dir: /home/hussam/poky/meta-mylayer/recipes-apps/objectdetcpp/files/build/CMakeFiles/CMakeTmp

Run Build Command(s):/usr/bin/gmake -f Makefile cmTC_d30b3/fast && /usr/bin/gmake  -f CMakeFiles/cmTC_d30b3.dir/build.make CMakeFiles/cmTC_d30b3.dir/build
gmake[1]: Entering directory '/home/hussam/poky/meta-mylayer/recipes-apps/objectdetcpp/files/build/CMakeFiles/CMakeTmp'
Building CXX object CMakeFiles/cmTC_d30b3.dir/CMakeCXXCompilerABI.cpp.o
/opt/mydistro/1.0/sysroots/x86_64-mydistro-linux/usr/bin/aarch64-mydistro-linux/aarch64-mydistro-linux-g++   -mcpu=cortex-a72 -march=armv8-a+crc -fstack-protector-strong  -O2 -D_FORTIFY_SOURCE=2 -Wformat -Wformat-security -Werror=format-security --sysroot=/opt/mydistro/1.0/sysroots/cortexa72-mydistro-linux --sysroot=/opt/mydistro/1.0/sysroots/cortexa72-mydistro-linux   -O2 -pipe -g -feliminate-unused-debug-types     -v -o CMakeFiles/cmTC_d30b3.dir/CMakeCXXCompilerABI.cpp.o -c /opt/mydistro/1.0/sysroots/x86_64-mydistro-linux/usr/share/cmake-3.22/Modules/CMakeCXXCompilerABI.cpp
Using built-in specs.
COLLECT_GCC=/opt/mydistro/1.0/sysroots/x86_64-mydistro-linux/usr/bin/aarch64-mydistro-linux/aarch64-mydistro-linux-g++
Target: aarch64-mydistro-linux
Configured with: ../../../../../work-shared/gcc-11.3.0-r0/gcc-11.3.0/configure --build=x86_64-linux --host=x86_64-mydistro-linux --target=aarch64-mydistro-linux --prefix=/usr/local/oe-sdk-hardcoded-buildpath/sysroots/x86_64-mydistro-linux/usr --exec_prefix=/usr/local/oe-sdk-hardcoded-buildpath/sysroots/x86_64-mydistro-linux/usr --bindir=/usr/local/oe-sdk-hardcoded-buildpath/sysroots/x86_64-mydistro-linux/usr/bin/aarch64-mydistro-linux --sbindir=/usr/local/oe-sdk-hardcoded-buildpath/sysroots/x86_64-mydistro-linux/usr/bin/aarch64-mydistro-linux --libexecdir=/usr/local/oe-sdk-hardcoded-buildpath/sysroots/x86_64-mydistro-linux/usr/libexec/aarch64-mydistro-linux --datadir=/usr/local/oe-sdk-hardcoded-buildpath/sysroots/x86_64-mydistro-linux/usr/share --sysconfdir=/usr/local/oe-sdk-hardcoded-buildpath/sysroots/x86_64-mydistro-linux/etc --sharedstatedir=/usr/local/oe-sdk-hardcoded-buildpath/sysroots/x86_64-mydistro-linux/com --localstatedir=/usr/local/oe-sdk-hardcoded-buildpath/sysroots/x86_64-mydistro-linux/var --libdir=/usr/local/oe-sdk-hardcoded-buildpath/sysroots/x86_64-mydistro-linux/usr/lib/aarch64-mydistro-linux --includedir=/usr/local/oe-sdk-hardcoded-buildpath/sysroots/x86_64-mydistro-linux/usr/include --oldincludedir=/usr/local/oe-sdk-hardcoded-buildpath/sysroots/x86_64-mydistro-linux/usr/include --infodir=/usr/local/oe-sdk-hardcoded-buildpath/sysroots/x86_64-mydistro-linux/usr/share/info --mandir=/usr/local/oe-sdk-hardcoded-buildpath/sysroots/x86_64-mydistro-linux/usr/share/man --disable-silent-rules --disable-dependency-tracking --with-libtool-sysroot=/home/hussam/poky/build2/tmp/work/x86_64-nativesdk-mydistro-linux/gcc-cross-canadian-aarch64/11.3.0-r0/recipe-sysroot --with-gnu-ld --enable-shared --enable-languages=c,c++ --enable-threads=posix --enable-multilib --enable-default-pie --enable-c99 --enable-long-long --enable-symvers=gnu --enable-libstdcxx-pch --program-prefix=aarch64-mydistro-linux- --without-local-prefix --disable-install-libiberty --disable-libssp --enable-libitm --enable-lto --disable-bootstrap --with-system-zlib --with-linker-hash-style=gnu --enable-linker-build-id --with-ppl=no --with-cloog=no --enable-checking=release --enable-cheaders=c_global --without-isl --with-gxx-include-dir=/not/exist/usr/include/c++/11.3.0 --with-build-time-tools=/home/hussam/poky/build2/tmp/work/x86_64-nativesdk-mydistro-linux/gcc-cross-canadian-aarch64/11.3.0-r0/recipe-sysroot-native/usr/aarch64-mydistro-linux/bin --with-sysroot=/not/exist --with-build-sysroot=/home/hussam/poky/build2/tmp/work/x86_64-nativesdk-mydistro-linux/gcc-cross-canadian-aarch64/11.3.0-r0/recipe-sysroot --enable-standard-branch-protection --enable-poison-system-directories --disable-static --enable-nls --with-glibc-version=2.28 --enable-initfini-array --enable-__cxa_atexit
Thread model: posix
Supported LTO compression algorithms: zlib zstd
gcc version 11.3.0 (GCC) 
COLLECT_GCC_OPTIONS='-mcpu=cortex-a72' '-march=armv8-a+crc' '-fstack-protector-strong' '-O2' '-D' '_FORTIFY_SOURCE=2' '-Wformat=1' '-Wformat-security' '-Werror=format-security' '-O2' '-pipe' '-g' '-feliminate-unused-debug-types' '-v' '-o' 'CMakeFiles/cmTC_d30b3.dir/CMakeCXXCompilerABI.cpp.o' '-c' '-shared-libgcc' '-mlittle-endian' '-mabi=lp64' '-dumpdir' 'CMakeFiles/cmTC_d30b3.dir/'
 /opt/mydistro/1.0/sysroots/x86_64-mydistro-linux/usr/libexec/aarch64-mydistro-linux/gcc/aarch64-mydistro-linux/11.3.0/cc1plus -quiet -v -isysroot /opt/mydistro/1.0/sysroots/cortexa72-mydistro-linux -D_GNU_SOURCE -D _FORTIFY_SOURCE=2 /opt/mydistro/1.0/sysroots/x86_64-mydistro-linux/usr/share/cmake-3.22/Modules/CMakeCXXCompilerABI.cpp -quiet -dumpdir CMakeFiles/cmTC_d30b3.dir/ -dumpbase CMakeCXXCompilerABI.cpp.cpp -dumpbase-ext .cpp -mcpu=cortex-a72 -march=armv8-a+crc -mlittle-endian -mabi=lp64 -g -O2 -O2 -Wformat=1 -Wformat-security -Werror=format-security -version -fstack-protector-strong -feliminate-unused-debug-types -o - |
 /opt/mydistro/1.0/sysroots/x86_64-mydistro-linux/usr/libexec/aarch64-mydistro-linux/gcc/aarch64-mydistro-linux/11.3.0/as -v --gdwarf-5 -EL -march=armv8-a+crc -march=armv8-a+crc -mabi=lp64 -o CMakeFiles/cmTC_d30b3.dir/CMakeCXXCompilerABI.cpp.o
GNU assembler version 2.38 (aarch64-mydistro-linux) using BFD version (GNU Binutils) 2.38.20220708
GNU C++17 (GCC) version 11.3.0 (aarch64-mydistro-linux)
	compiled by GNU C version 11.3.0, GMP version 6.2.1, MPFR version 4.1.0, MPC version 1.2.1, isl version none
GGC heuristics: --param ggc-min-expand=100 --param ggc-min-heapsize=131072
ignoring nonexistent directory "/opt/mydistro/1.0/sysroots/cortexa72-mydistro-linux/usr/local/include"
ignoring nonexistent directory "/opt/mydistro/1.0/sysroots/x86_64-mydistro-linux/usr/lib/aarch64-mydistro-linux/gcc/aarch64-mydistro-linux/11.3.0/../../../../../aarch64-mydistro-linux/include"
#include "..." search starts here:
#include <...> search starts here:
 /opt/mydistro/1.0/sysroots/cortexa72-mydistro-linux/usr/include/c++/11.3.0
 /opt/mydistro/1.0/sysroots/cortexa72-mydistro-linux/usr/include/c++/11.3.0/aarch64-mydistro-linux
 /opt/mydistro/1.0/sysroots/cortexa72-mydistro-linux/usr/include/c++/11.3.0/backward
 /opt/mydistro/1.0/sysroots/x86_64-mydistro-linux/usr/lib/aarch64-mydistro-linux/gcc/aarch64-mydistro-linux/11.3.0/include
 /opt/mydistro/1.0/sysroots/cortexa72-mydistro-linux/usr/lib/aarch64-mydistro-linux/11.3.0/include
 /opt/mydistro/1.0/sysroots/x86_64-mydistro-linux/usr/lib/aarch64-mydistro-linux/gcc/aarch64-mydistro-linux/11.3.0/include-fixed
 /opt/mydistro/1.0/sysroots/cortexa72-mydistro-linux/usr/include/
End of search list.
GNU C++17 (GCC) version 11.3.0 (aarch64-mydistro-linux)
	compiled by GNU C version 11.3.0, GMP version 6.2.1, MPFR version 4.1.0, MPC version 1.2.1, isl version none
GGC heuristics: --param ggc-min-expand=100 --param ggc-min-heapsize=131072
Compiler executable checksum: 937b35790cd71e7c34ed46fb63eb9bb7
COMPILER_PATH=/opt/mydistro/1.0/sysroots/x86_64-mydistro-linux/usr/libexec/aarch64-mydistro-linux/gcc/aarch64-mydistro-linux/11.3.0/:/opt/mydistro/1.0/sysroots/x86_64-mydistro-linux/usr/libexec/aarch64-mydistro-linux/gcc/aarch64-mydistro-linux/11.3.0/:/opt/mydistro/1.0/sysroots/x86_64-mydistro-linux/usr/libexec/aarch64-mydistro-linux/gcc/aarch64-mydistro-linux/:/opt/mydistro/1.0/sysroots/x86_64-mydistro-linux/usr/lib/aarch64-mydistro-linux/gcc/aarch64-mydistro-linux/11.3.0/:/opt/mydistro/1.0/sysroots/x86_64-mydistro-linux/usr/lib/aarch64-mydistro-linux/gcc/aarch64-mydistro-linux/
LIBRARY_PATH=/opt/mydistro/1.0/sysroots/x86_64-mydistro-linux/usr/lib/aarch64-mydistro-linux/gcc/aarch64-mydistro-linux/11.3.0/:/opt/mydistro/1.0/sysroots/cortexa72-mydistro-linux/lib/:/opt/mydistro/1.0/sysroots/cortexa72-mydistro-linux/usr/lib/aarch64-mydistro-linux/11.3.0/:/opt/mydistro/1.0/sysroots/cortexa72-mydistro-linux/usr/lib/
COLLECT_GCC_OPTIONS='-mcpu=cortex-a72' '-march=armv8-a+crc' '-fstack-protector-strong' '-O2' '-D' '_FORTIFY_SOURCE=2' '-Wformat=1' '-Wformat-security' '-Werror=format-security' '-O2' '-pipe' '-g' '-feliminate-unused-debug-types' '-v' '-o' 'CMakeFiles/cmTC_d30b3.dir/CMakeCXXCompilerABI.cpp.o' '-c' '-shared-libgcc' '-mlittle-endian' '-mabi=lp64' '-dumpdir' 'CMakeFiles/cmTC_d30b3.dir/CMakeCXXCompilerABI.cpp.'
Linking CXX executable cmTC_d30b3
/opt/mydistro/1.0/sysroots/x86_64-mydistro-linux/usr/bin/cmake -E cmake_link_script CMakeFiles/cmTC_d30b3.dir/link.txt --verbose=1
/opt/mydistro/1.0/sysroots/x86_64-mydistro-linux/usr/bin/aarch64-mydistro-linux/aarch64-mydistro-linux-g++   -mcpu=cortex-a72 -march=armv8-a+crc -fstack-protector-strong  -O2 -D_FORTIFY_SOURCE=2 -Wformat -Wformat-security -Werror=format-security --sysroot=/opt/mydistro/1.0/sysroots/cortexa72-mydistro-linux --sysroot=/opt/mydistro/1.0/sysroots/cortexa72-mydistro-linux  -O2 -pipe -g -feliminate-unused-debug-types   -Wl,-O1 -Wl,--hash-style=gnu -Wl,--as-needed  -Wl,-z,relro,-z,now -v CMakeFiles/cmTC_d30b3.dir/CMakeCXXCompilerABI.cpp.o -o cmTC_d30b3 
Using built-in specs.
COLLECT_GCC=/opt/mydistro/1.0/sysroots/x86_64-mydistro-linux/usr/bin/aarch64-mydistro-linux/aarch64-mydistro-linux-g++
COLLECT_LTO_WRAPPER=/opt/mydistro/1.0/sysroots/x86_64-mydistro-linux/usr/libexec/aarch64-mydistro-linux/gcc/aarch64-mydistro-linux/11.3.0/lto-wrapper
Target: aarch64-mydistro-linux
Configured with: ../../../../../work-shared/gcc-11.3.0-r0/gcc-11.3.0/configure --build=x86_64-linux --host=x86_64-mydistro-linux --target=aarch64-mydistro-linux --prefix=/usr/local/oe-sdk-hardcoded-buildpath/sysroots/x86_64-mydistro-linux/usr --exec_prefix=/usr/local/oe-sdk-hardcoded-buildpath/sysroots/x86_64-mydistro-linux/usr --bindir=/usr/local/oe-sdk-hardcoded-buildpath/sysroots/x86_64-mydistro-linux/usr/bin/aarch64-mydistro-linux --sbindir=/usr/local/oe-sdk-hardcoded-buildpath/sysroots/x86_64-mydistro-linux/usr/bin/aarch64-mydistro-linux --libexecdir=/usr/local/oe-sdk-hardcoded-buildpath/sysroots/x86_64-mydistro-linux/usr/libexec/aarch64-mydistro-linux --datadir=/usr/local/oe-sdk-hardcoded-buildpath/sysroots/x86_64-mydistro-linux/usr/share --sysconfdir=/usr/local/oe-sdk-hardcoded-buildpath/sysroots/x86_64-mydistro-linux/etc --sharedstatedir=/usr/local/oe-sdk-hardcoded-buildpath/sysroots/x86_64-mydistro-linux/com --localstatedir=/usr/local/oe-sdk-hardcoded-buildpath/sysroots/x86_64-mydistro-linux/var --libdir=/usr/local/oe-sdk-hardcoded-buildpath/sysroots/x86_64-mydistro-linux/usr/lib/aarch64-mydistro-linux --includedir=/usr/local/oe-sdk-hardcoded-buildpath/sysroots/x86_64-mydistro-linux/usr/include --oldincludedir=/usr/local/oe-sdk-hardcoded-buildpath/sysroots/x86_64-mydistro-linux/usr/include --infodir=/usr/local/oe-sdk-hardcoded-buildpath/sysroots/x86_64-mydistro-linux/usr/share/info --mandir=/usr/local/oe-sdk-hardcoded-buildpath/sysroots/x86_64-mydistro-linux/usr/share/man --disable-silent-rules --disable-dependency-tracking --with-libtool-sysroot=/home/hussam/poky/build2/tmp/work/x86_64-nativesdk-mydistro-linux/gcc-cross-canadian-aarch64/11.3.0-r0/recipe-sysroot --with-gnu-ld --enable-shared --enable-languages=c,c++ --enable-threads=posix --enable-multilib --enable-default-pie --enable-c99 --enable-long-long --enable-symvers=gnu --enable-libstdcxx-pch --program-prefix=aarch64-mydistro-linux- --without-local-prefix --disable-install-libiberty --disable-libssp --enable-libitm --enable-lto --disable-bootstrap --with-system-zlib --with-linker-hash-style=gnu --enable-linker-build-id --with-ppl=no --with-cloog=no --enable-checking=release --enable-cheaders=c_global --without-isl --with-gxx-include-dir=/not/exist/usr/include/c++/11.3.0 --with-build-time-tools=/home/hussam/poky/build2/tmp/work/x86_64-nativesdk-mydistro-linux/gcc-cross-canadian-aarch64/11.3.0-r0/recipe-sysroot-native/usr/aarch64-mydistro-linux/bin --with-sysroot=/not/exist --with-build-sysroot=/home/hussam/poky/build2/tmp/work/x86_64-nativesdk-mydistro-linux/gcc-cross-canadian-aarch64/11.3.0-r0/recipe-sysroot --enable-standard-branch-protection --enable-poison-system-directories --disable-static --enable-nls --with-glibc-version=2.28 --enable-initfini-array --enable-__cxa_atexit
Thread model: posix
Supported LTO compression algorithms: zlib zstd
gcc version 11.3.0 (GCC) 
COMPILER_PATH=/opt/mydistro/1.0/sysroots/x86_64-mydistro-linux/usr/libexec/aarch64-mydistro-linux/gcc/aarch64-mydistro-linux/11.3.0/:/opt/mydistro/1.0/sysroots/x86_64-mydistro-linux/usr/libexec/aarch64-mydistro-linux/gcc/aarch64-mydistro-linux/11.3.0/:/opt/mydistro/1.0/sysroots/x86_64-mydistro-linux/usr/libexec/aarch64-mydistro-linux/gcc/aarch64-mydistro-linux/:/opt/mydistro/1.0/sysroots/x86_64-mydistro-linux/usr/lib/aarch64-mydistro-linux/gcc/aarch64-mydistro-linux/11.3.0/:/opt/mydistro/1.0/sysroots/x86_64-mydistro-linux/usr/lib/aarch64-mydistro-linux/gcc/aarch64-mydistro-linux/
LIBRARY_PATH=/opt/mydistro/1.0/sysroots/x86_64-mydistro-linux/usr/lib/aarch64-mydistro-linux/gcc/aarch64-mydistro-linux/11.3.0/:/opt/mydistro/1.0/sysroots/cortexa72-mydistro-linux/lib/:/opt/mydistro/1.0/sysroots/cortexa72-mydistro-linux/usr/lib/aarch64-mydistro-linux/11.3.0/:/opt/mydistro/1.0/sysroots/cortexa72-mydistro-linux/usr/lib/
COLLECT_GCC_OPTIONS='-mcpu=cortex-a72' '-march=armv8-a+crc' '-fstack-protector-strong' '-O2' '-D' '_FORTIFY_SOURCE=2' '-Wformat=1' '-Wformat-security' '-Werror=format-security' '-O2' '-pipe' '-g' '-feliminate-unused-debug-types' '-v' '-o' 'cmTC_d30b3' '-shared-libgcc' '-mlittle-endian' '-mabi=lp64' '-dumpdir' 'cmTC_d30b3.'
 /opt/mydistro/1.0/sysroots/x86_64-mydistro-linux/usr/libexec/aarch64-mydistro-linux/gcc/aarch64-mydistro-linux/11.3.0/collect2 -plugin /opt/mydistro/1.0/sysroots/x86_64-mydistro-linux/usr/libexec/aarch64-mydistro-linux/gcc/aarch64-mydistro-linux/11.3.0/liblto_plugin.so -plugin-opt=/opt/mydistro/1.0/sysroots/x86_64-mydistro-linux/usr/libexec/aarch64-mydistro-linux/gcc/aarch64-mydistro-linux/11.3.0/lto-wrapper -plugin-opt=-fresolution=/tmp/ccLRq1jg.res -plugin-opt=-pass-through=-lgcc_s -plugin-opt=-pass-through=-lgcc -plugin-opt=-pass-through=-lc -plugin-opt=-pass-through=-lgcc_s -plugin-opt=-pass-through=-lgcc --sysroot=/opt/mydistro/1.0/sysroots/cortexa72-mydistro-linux --build-id --eh-frame-hdr --hash-style=gnu -dynamic-linker /lib/ld-linux-aarch64.so.1 -X -EL -maarch64linux -pie -o cmTC_d30b3 /opt/mydistro/1.0/sysroots/cortexa72-mydistro-linux/usr/lib/Scrt1.o /opt/mydistro/1.0/sysroots/cortexa72-mydistro-linux/usr/lib/crti.o /opt/mydistro/1.0/sysroots/cortexa72-mydistro-linux/usr/lib/aarch64-mydistro-linux/11.3.0/crtbeginS.o -L/opt/mydistro/1.0/sysroots/x86_64-mydistro-linux/usr/lib/aarch64-mydistro-linux/gcc/aarch64-mydistro-linux/11.3.0 -L/opt/mydistro/1.0/sysroots/cortexa72-mydistro-linux/lib -L/opt/mydistro/1.0/sysroots/cortexa72-mydistro-linux/usr/lib/aarch64-mydistro-linux/11.3.0 -L/opt/mydistro/1.0/sysroots/cortexa72-mydistro-linux/usr/lib -O1 --hash-style=gnu --as-needed -z relro -z now CMakeFiles/cmTC_d30b3.dir/CMakeCXXCompilerABI.cpp.o -lstdc++ -lm -lgcc_s -lgcc -lc -lgcc_s -lgcc /opt/mydistro/1.0/sysroots/cortexa72-mydistro-linux/usr/lib/aarch64-mydistro-linux/11.3.0/crtendS.o /opt/mydistro/1.0/sysroots/cortexa72-mydistro-linux/usr/lib/crtn.o
COLLECT_GCC_OPTIONS='-mcpu=cortex-a72' '-march=armv8-a+crc' '-fstack-protector-strong' '-O2' '-D' '_FORTIFY_SOURCE=2' '-Wformat=1' '-Wformat-security' '-Werror=format-security' '-O2' '-pipe' '-g' '-feliminate-unused-debug-types' '-v' '-o' 'cmTC_d30b3' '-shared-libgcc' '-mlittle-endian' '-mabi=lp64' '-dumpdir' 'cmTC_d30b3.'
gmake[1]: Leaving directory '/home/hussam/poky/meta-mylayer/recipes-apps/objectdetcpp/files/build/CMakeFiles/CMakeTmp'



Parsed CXX implicit include dir info from above output: rv=done
  found start of include info
  found start of implicit include info
    add: [/opt/mydistro/1.0/sysroots/cortexa72-mydistro-linux/usr/include/c++/11.3.0]
    add: [/opt/mydistro/1.0/sysroots/cortexa72-mydistro-linux/usr/include/c++/11.3.0/aarch64-mydistro-linux]
    add: [/opt/mydistro/1.0/sysroots/cortexa72-mydistro-linux/usr/include/c++/11.3.0/backward]
    add: [/opt/mydistro/1.0/sysroots/x86_64-mydistro-linux/usr/lib/aarch64-mydistro-linux/gcc/aarch64-mydistro-linux/11.3.0/include]
    add: [/opt/mydistro/1.0/sysroots/cortexa72-mydistro-linux/usr/lib/aarch64-mydistro-linux/11.3.0/include]
    add: [/opt/mydistro/1.0/sysroots/x86_64-mydistro-linux/usr/lib/aarch64-mydistro-linux/gcc/aarch64-mydistro-linux/11.3.0/include-fixed]
    add: [/opt/mydistro/1.0/sysroots/cortexa72-mydistro-linux/usr/include/]
  end of search list found
  collapse include dir [/opt/mydistro/1.0/sysroots/cortexa72-mydistro-linux/usr/include/c++/11.3.0] ==> [/opt/mydistro/1.0/sysroots/cortexa72-mydistro-linux/usr/include/c++/11.3.0]
  collapse include dir [/opt/mydistro/1.0/sysroots/cortexa72-mydistro-linux/usr/include/c++/11.3.0/aarch64-mydistro-linux] ==> [/opt/mydistro/1.0/sysroots/cortexa72-mydistro-linux/usr/include/c++/11.3.0/aarch64-mydistro-linux]
  collapse include dir [/opt/mydistro/1.0/sysroots/cortexa72-mydistro-linux/usr/include/c++/11.3.0/backward] ==> [/opt/mydistro/1.0/sysroots/cortexa72-mydistro-linux/usr/include/c++/11.3.0/backward]
  collapse include dir [/opt/mydistro/1.0/sysroots/x86_64-mydistro-linux/usr/lib/aarch64-mydistro-linux/gcc/aarch64-mydistro-linux/11.3.0/include] ==> [/opt/mydistro/1.0/sysroots/x86_64-mydistro-linux/usr/lib/aarch64-mydistro-linux/gcc/aarch64-mydistro-linux/11.3.0/include]
  collapse include dir [/opt/mydistro/1.0/sysroots/cortexa72-mydistro-linux/usr/lib/aarch64-mydistro-linux/11.3.0/include] ==> [/opt/mydistro/1.0/sysroots/cortexa72-mydistro-linux/usr/lib/aarch64-mydistro-linux/11.3.0/include]
  collapse include dir [/opt/mydistro/1.0/sysroots/x86_64-mydistro-linux/usr/lib/aarch64-mydistro-linux/gcc/aarch64-mydistro-linux/11.3.0/include-fixed] ==> [/opt/mydistro/1.0/sysroots/x86_64-mydistro-linux/usr/lib/aarch64-mydistro-linux/gcc/aarch64-mydistro-linux/11.3.0/include-fixed]
  collapse include dir [/opt/mydistro/1.0/sysroots/cortexa72-mydistro-linux/usr/include/] ==> [/opt/mydistro/1.0/sysroots/cortexa72-mydistro-linux/usr/include]
  implicit include dirs: [/opt/mydistro/1.0/sysroots/cortexa72-mydistro-linux/usr/include/c++/11.3.0;/opt/mydistro/1.0/sysroots/cortexa72-mydistro-linux/usr/include/c++/11.3.0/aarch64-mydistro-linux;/opt/mydistro/1.0/sysroots/cortexa72-mydistro-linux/usr/include/c++/11.3.0/backward;/opt/mydistro/1.0/sysroots/x86_64-mydistro-linux/usr/lib/aarch64-mydistro-linux/gcc/aarch64-mydistro-linux/11.3.0/include;/opt/mydistro/1.0/sysroots/cortexa72-mydistro-linux/usr/lib/aarch64-mydistro-linux/11.3.0/include;/opt/mydistro/1.0/sysroots/x86_64-mydistro-linux/usr/lib/aarch64-mydistro-linux/gcc/aarch64-mydistro-linux/11.3.0/include-fixed;/opt/mydistro/1.0/sysroots/cortexa72-mydistro-linux/usr/include]


Parsed CXX implicit link information from above output:
  link line regex: [^( *|.*[/\])(aarch64-mydistro-linux-ld|CMAKE_LINK_STARTFILE-NOTFOUND|([^/\]+-)?ld|collect2)[^/\]*( |$)]
  ignore line: [Change Dir: /home/hussam/poky/meta-mylayer/recipes-apps/objectdetcpp/files/build/CMakeFiles/CMakeTmp]
  ignore line: []
  ignore line: [Run Build Command(s):/usr/bin/gmake -f Makefile cmTC_d30b3/fast && /usr/bin/gmake  -f CMakeFiles/cmTC_d30b3.dir/build.make CMakeFiles/cmTC_d30b3.dir/build]
  ignore line: [gmake[1]: Entering directory '/home/hussam/poky/meta-mylayer/recipes-apps/objectdetcpp/files/build/CMakeFiles/CMakeTmp']
  ignore line: [Building CXX object CMakeFiles/cmTC_d30b3.dir/CMakeCXXCompilerABI.cpp.o]
  ignore line: [/opt/mydistro/1.0/sysroots/x86_64-mydistro-linux/usr/bin/aarch64-mydistro-linux/aarch64-mydistro-linux-g++   -mcpu=cortex-a72 -march=armv8-a+crc -fstack-protector-strong  -O2 -D_FORTIFY_SOURCE=2 -Wformat -Wformat-security -Werror=format-security --sysroot=/opt/mydistro/1.0/sysroots/cortexa72-mydistro-linux --sysroot=/opt/mydistro/1.0/sysroots/cortexa72-mydistro-linux   -O2 -pipe -g -feliminate-unused-debug-types     -v -o CMakeFiles/cmTC_d30b3.dir/CMakeCXXCompilerABI.cpp.o -c /opt/mydistro/1.0/sysroots/x86_64-mydistro-linux/usr/share/cmake-3.22/Modules/CMakeCXXCompilerABI.cpp]
  ignore line: [Using built-in specs.]
  ignore line: [COLLECT_GCC=/opt/mydistro/1.0/sysroots/x86_64-mydistro-linux/usr/bin/aarch64-mydistro-linux/aarch64-mydistro-linux-g++]
  ignore line: [Target: aarch64-mydistro-linux]
  ignore line: [Configured with: ../../../../../work-shared/gcc-11.3.0-r0/gcc-11.3.0/configure --build=x86_64-linux --host=x86_64-mydistro-linux --target=aarch64-mydistro-linux --prefix=/usr/local/oe-sdk-hardcoded-buildpath/sysroots/x86_64-mydistro-linux/usr --exec_prefix=/usr/local/oe-sdk-hardcoded-buildpath/sysroots/x86_64-mydistro-linux/usr --bindir=/usr/local/oe-sdk-hardcoded-buildpath/sysroots/x86_64-mydistro-linux/usr/bin/aarch64-mydistro-linux --sbindir=/usr/local/oe-sdk-hardcoded-buildpath/sysroots/x86_64-mydistro-linux/usr/bin/aarch64-mydistro-linux --libexecdir=/usr/local/oe-sdk-hardcoded-buildpath/sysroots/x86_64-mydistro-linux/usr/libexec/aarch64-mydistro-linux --datadir=/usr/local/oe-sdk-hardcoded-buildpath/sysroots/x86_64-mydistro-linux/usr/share --sysconfdir=/usr/local/oe-sdk-hardcoded-buildpath/sysroots/x86_64-mydistro-linux/etc --sharedstatedir=/usr/local/oe-sdk-hardcoded-buildpath/sysroots/x86_64-mydistro-linux/com --localstatedir=/usr/local/oe-sdk-hardcoded-buildpath/sysroots/x86_64-mydistro-linux/var --libdir=/usr/local/oe-sdk-hardcoded-buildpath/sysroots/x86_64-mydistro-linux/usr/lib/aarch64-mydistro-linux --includedir=/usr/local/oe-sdk-hardcoded-buildpath/sysroots/x86_64-mydistro-linux/usr/include --oldincludedir=/usr/local/oe-sdk-hardcoded-buildpath/sysroots/x86_64-mydistro-linux/usr/include --infodir=/usr/local/oe-sdk-hardcoded-buildpath/sysroots/x86_64-mydistro-linux/usr/share/info --mandir=/usr/local/oe-sdk-hardcoded-buildpath/sysroots/x86_64-mydistro-linux/usr/share/man --disable-silent-rules --disable-dependency-tracking --with-libtool-sysroot=/home/hussam/poky/build2/tmp/work/x86_64-nativesdk-mydistro-linux/gcc-cross-canadian-aarch64/11.3.0-r0/recipe-sysroot --with-gnu-ld --enable-shared --enable-languages=c,c++ --enable-threads=posix --enable-multilib --enable-default-pie --enable-c99 --enable-long-long --enable-symvers=gnu --enable-libstdcxx-pch --program-prefix=aarch64-mydistro-linux- --without-local-prefix --disable-install-libiberty --disable-libssp --enable-libitm --enable-lto --disable-bootstrap --with-system-zlib --with-linker-hash-style=gnu --enable-linker-build-id --with-ppl=no --with-cloog=no --enable-checking=release --enable-cheaders=c_global --without-isl --with-gxx-include-dir=/not/exist/usr/include/c++/11.3.0 --with-build-time-tools=/home/hussam/poky/build2/tmp/work/x86_64-nativesdk-mydistro-linux/gcc-cross-canadian-aarch64/11.3.0-r0/recipe-sysroot-native/usr/aarch64-mydistro-linux/bin --with-sysroot=/not/exist --with-build-sysroot=/home/hussam/poky/build2/tmp/work/x86_64-nativesdk-mydistro-linux/gcc-cross-canadian-aarch64/11.3.0-r0/recipe-sysroot --enable-standard-branch-protection --enable-poison-system-directories --disable-static --enable-nls --with-glibc-version=2.28 --enable-initfini-array --enable-__cxa_atexit]
  ignore line: [Thread model: posix]
  ignore line: [Supported LTO compression algorithms: zlib zstd]
  ignore line: [gcc version 11.3.0 (GCC) ]
  ignore line: [COLLECT_GCC_OPTIONS='-mcpu=cortex-a72' '-march=armv8-a+crc' '-fstack-protector-strong' '-O2' '-D' '_FORTIFY_SOURCE=2' '-Wformat=1' '-Wformat-security' '-Werror=format-security' '-O2' '-pipe' '-g' '-feliminate-unused-debug-types' '-v' '-o' 'CMakeFiles/cmTC_d30b3.dir/CMakeCXXCompilerABI.cpp.o' '-c' '-shared-libgcc' '-mlittle-endian' '-mabi=lp64' '-dumpdir' 'CMakeFiles/cmTC_d30b3.dir/']
  ignore line: [ /opt/mydistro/1.0/sysroots/x86_64-mydistro-linux/usr/libexec/aarch64-mydistro-linux/gcc/aarch64-mydistro-linux/11.3.0/cc1plus -quiet -v -isysroot /opt/mydistro/1.0/sysroots/cortexa72-mydistro-linux -D_GNU_SOURCE -D _FORTIFY_SOURCE=2 /opt/mydistro/1.0/sysroots/x86_64-mydistro-linux/usr/share/cmake-3.22/Modules/CMakeCXXCompilerABI.cpp -quiet -dumpdir CMakeFiles/cmTC_d30b3.dir/ -dumpbase CMakeCXXCompilerABI.cpp.cpp -dumpbase-ext .cpp -mcpu=cortex-a72 -march=armv8-a+crc -mlittle-endian -mabi=lp64 -g -O2 -O2 -Wformat=1 -Wformat-security -Werror=format-security -version -fstack-protector-strong -feliminate-unused-debug-types -o - |]
  ignore line: [ /opt/mydistro/1.0/sysroots/x86_64-mydistro-linux/usr/libexec/aarch64-mydistro-linux/gcc/aarch64-mydistro-linux/11.3.0/as -v --gdwarf-5 -EL -march=armv8-a+crc -march=armv8-a+crc -mabi=lp64 -o CMakeFiles/cmTC_d30b3.dir/CMakeCXXCompilerABI.cpp.o]
  ignore line: [GNU assembler version 2.38 (aarch64-mydistro-linux) using BFD version (GNU Binutils) 2.38.20220708]
  ignore line: [GNU C++17 (GCC) version 11.3.0 (aarch64-mydistro-linux)]
  ignore line: [	compiled by GNU C version 11.3.0  GMP version 6.2.1  MPFR version 4.1.0  MPC version 1.2.1  isl version none]
  ignore line: [GGC heuristics: --param ggc-min-expand=100 --param ggc-min-heapsize=131072]
  ignore line: [ignoring nonexistent directory "/opt/mydistro/1.0/sysroots/cortexa72-mydistro-linux/usr/local/include"]
  ignore line: [ignoring nonexistent directory "/opt/mydistro/1.0/sysroots/x86_64-mydistro-linux/usr/lib/aarch64-mydistro-linux/gcc/aarch64-mydistro-linux/11.3.0/../../../../../aarch64-mydistro-linux/include"]
  ignore line: [#include "..." search starts here:]
  ignore line: [#include <...> search starts here:]
  ignore line: [ /opt/mydistro/1.0/sysroots/cortexa72-mydistro-linux/usr/include/c++/11.3.0]
  ignore line: [ /opt/mydistro/1.0/sysroots/cortexa72-mydistro-linux/usr/include/c++/11.3.0/aarch64-mydistro-linux]
  ignore line: [ /opt/mydistro/1.0/sysroots/cortexa72-mydistro-linux/usr/include/c++/11.3.0/backward]
  ignore line: [ /opt/mydistro/1.0/sysroots/x86_64-mydistro-linux/usr/lib/aarch64-mydistro-linux/gcc/aarch64-mydistro-linux/11.3.0/include]
  ignore line: [ /opt/mydistro/1.0/sysroots/cortexa72-mydistro-linux/usr/lib/aarch64-mydistro-linux/11.3.0/include]
  ignore line: [ /opt/mydistro/1.0/sysroots/x86_64-mydistro-linux/usr/lib/aarch64-mydistro-linux/gcc/aarch64-mydistro-linux/11.3.0/include-fixed]
  ignore line: [ /opt/mydistro/1.0/sysroots/cortexa72-mydistro-linux/usr/include/]
  ignore line: [End of search list.]
  ignore line: [GNU C++17 (GCC) version 11.3.0 (aarch64-mydistro-linux)]
  ignore line: [	compiled by GNU C version 11.3.0  GMP version 6.2.1  MPFR version 4.1.0  MPC version 1.2.1  isl version none]
  ignore line: [GGC heuristics: --param ggc-min-expand=100 --param ggc-min-heapsize=131072]
  ignore line: [Compiler executable checksum: 937b35790cd71e7c34ed46fb63eb9bb7]
  ignore line: [COMPILER_PATH=/opt/mydistro/1.0/sysroots/x86_64-mydistro-linux/usr/libexec/aarch64-mydistro-linux/gcc/aarch64-mydistro-linux/11.3.0/:/opt/mydistro/1.0/sysroots/x86_64-mydistro-linux/usr/libexec/aarch64-mydistro-linux/gcc/aarch64-mydistro-linux/11.3.0/:/opt/mydistro/1.0/sysroots/x86_64-mydistro-linux/usr/libexec/aarch64-mydistro-linux/gcc/aarch64-mydistro-linux/:/opt/mydistro/1.0/sysroots/x86_64-mydistro-linux/usr/lib/aarch64-mydistro-linux/gcc/aarch64-mydistro-linux/11.3.0/:/opt/mydistro/1.0/sysroots/x86_64-mydistro-linux/usr/lib/aarch64-mydistro-linux/gcc/aarch64-mydistro-linux/]
  ignore line: [LIBRARY_PATH=/opt/mydistro/1.0/sysroots/x86_64-mydistro-linux/usr/lib/aarch64-mydistro-linux/gcc/aarch64-mydistro-linux/11.3.0/:/opt/mydistro/1.0/sysroots/cortexa72-mydistro-linux/lib/:/opt/mydistro/1.0/sysroots/cortexa72-mydistro-linux/usr/lib/aarch64-mydistro-linux/11.3.0/:/opt/mydistro/1.0/sysroots/cortexa72-mydistro-linux/usr/lib/]
  ignore line: [COLLECT_GCC_OPTIONS='-mcpu=cortex-a72' '-march=armv8-a+crc' '-fstack-protector-strong' '-O2' '-D' '_FORTIFY_SOURCE=2' '-Wformat=1' '-Wformat-security' '-Werror=format-security' '-O2' '-pipe' '-g' '-feliminate-unused-debug-types' '-v' '-o' 'CMakeFiles/cmTC_d30b3.dir/CMakeCXXCompilerABI.cpp.o' '-c' '-shared-libgcc' '-mlittle-endian' '-mabi=lp64' '-dumpdir' 'CMakeFiles/cmTC_d30b3.dir/CMakeCXXCompilerABI.cpp.']
  ignore line: [Linking CXX executable cmTC_d30b3]
  ignore line: [/opt/mydistro/1.0/sysroots/x86_64-mydistro-linux/usr/bin/cmake -E cmake_link_script CMakeFiles/cmTC_d30b3.dir/link.txt --verbose=1]
  ignore line: [/opt/mydistro/1.0/sysroots/x86_64-mydistro-linux/usr/bin/aarch64-mydistro-linux/aarch64-mydistro-linux-g++   -mcpu=cortex-a72 -march=armv8-a+crc -fstack-protector-strong  -O2 -D_FORTIFY_SOURCE=2 -Wformat -Wformat-security -Werror=format-security --sysroot=/opt/mydistro/1.0/sysroots/cortexa72-mydistro-linux --sysroot=/opt/mydistro/1.0/sysroots/cortexa72-mydistro-linux  -O2 -pipe -g -feliminate-unused-debug-types   -Wl -O1 -Wl --hash-style=gnu -Wl --as-needed  -Wl -z relro -z now -v CMakeFiles/cmTC_d30b3.dir/CMakeCXXCompilerABI.cpp.o -o cmTC_d30b3 ]
  ignore line: [Using built-in specs.]
  ignore line: [COLLECT_GCC=/opt/mydistro/1.0/sysroots/x86_64-mydistro-linux/usr/bin/aarch64-mydistro-linux/aarch64-mydistro-linux-g++]
  ignore line: [COLLECT_LTO_WRAPPER=/opt/mydistro/1.0/sysroots/x86_64-mydistro-linux/usr/libexec/aarch64-mydistro-linux/gcc/aarch64-mydistro-linux/11.3.0/lto-wrapper]
  ignore line: [Target: aarch64-mydistro-linux]
  ignore line: [Configured with: ../../../../../work-shared/gcc-11.3.0-r0/gcc-11.3.0/configure --build=x86_64-linux --host=x86_64-mydistro-linux --target=aarch64-mydistro-linux --prefix=/usr/local/oe-sdk-hardcoded-buildpath/sysroots/x86_64-mydistro-linux/usr --exec_prefix=/usr/local/oe-sdk-hardcoded-buildpath/sysroots/x86_64-mydistro-linux/usr --bindir=/usr/local/oe-sdk-hardcoded-buildpath/sysroots/x86_64-mydistro-linux/usr/bin/aarch64-mydistro-linux --sbindir=/usr/local/oe-sdk-hardcoded-buildpath/sysroots/x86_64-mydistro-linux/usr/bin/aarch64-mydistro-linux --libexecdir=/usr/local/oe-sdk-hardcoded-buildpath/sysroots/x86_64-mydistro-linux/usr/libexec/aarch64-mydistro-linux --datadir=/usr/local/oe-sdk-hardcoded-buildpath/sysroots/x86_64-mydistro-linux/usr/share --sysconfdir=/usr/local/oe-sdk-hardcoded-buildpath/sysroots/x86_64-mydistro-linux/etc --sharedstatedir=/usr/local/oe-sdk-hardcoded-buildpath/sysroots/x86_64-mydistro-linux/com --localstatedir=/usr/local/oe-sdk-hardcoded-buildpath/sysroots/x86_64-mydistro-linux/var --libdir=/usr/local/oe-sdk-hardcoded-buildpath/sysroots/x86_64-mydistro-linux/usr/lib/aarch64-mydistro-linux --includedir=/usr/local/oe-sdk-hardcoded-buildpath/sysroots/x86_64-mydistro-linux/usr/include --oldincludedir=/usr/local/oe-sdk-hardcoded-buildpath/sysroots/x86_64-mydistro-linux/usr/include --infodir=/usr/local/oe-sdk-hardcoded-buildpath/sysroots/x86_64-mydistro-linux/usr/share/info --mandir=/usr/local/oe-sdk-hardcoded-buildpath/sysroots/x86_64-mydistro-linux/usr/share/man --disable-silent-rules --disable-dependency-tracking --with-libtool-sysroot=/home/hussam/poky/build2/tmp/work/x86_64-nativesdk-mydistro-linux/gcc-cross-canadian-aarch64/11.3.0-r0/recipe-sysroot --with-gnu-ld --enable-shared --enable-languages=c,c++ --enable-threads=posix --enable-multilib --enable-default-pie --enable-c99 --enable-long-long --enable-symvers=gnu --enable-libstdcxx-pch --program-prefix=aarch64-mydistro-linux- --without-local-prefix --disable-install-libiberty --disable-libssp --enable-libitm --enable-lto --disable-bootstrap --with-system-zlib --with-linker-hash-style=gnu --enable-linker-build-id --with-ppl=no --with-cloog=no --enable-checking=release --enable-cheaders=c_global --without-isl --with-gxx-include-dir=/not/exist/usr/include/c++/11.3.0 --with-build-time-tools=/home/hussam/poky/build2/tmp/work/x86_64-nativesdk-mydistro-linux/gcc-cross-canadian-aarch64/11.3.0-r0/recipe-sysroot-native/usr/aarch64-mydistro-linux/bin --with-sysroot=/not/exist --with-build-sysroot=/home/hussam/poky/build2/tmp/work/x86_64-nativesdk-mydistro-linux/gcc-cross-canadian-aarch64/11.3.0-r0/recipe-sysroot --enable-standard-branch-protection --enable-poison-system-directories --disable-static --enable-nls --with-glibc-version=2.28 --enable-initfini-array --enable-__cxa_atexit]
  ignore line: [Thread model: posix]
  ignore line: [Supported LTO compression algorithms: zlib zstd]
  ignore line: [gcc version 11.3.0 (GCC) ]
  ignore line: [COMPILER_PATH=/opt/mydistro/1.0/sysroots/x86_64-mydistro-linux/usr/libexec/aarch64-mydistro-linux/gcc/aarch64-mydistro-linux/11.3.0/:/opt/mydistro/1.0/sysroots/x86_64-mydistro-linux/usr/libexec/aarch64-mydistro-linux/gcc/aarch64-mydistro-linux/11.3.0/:/opt/mydistro/1.0/sysroots/x86_64-mydistro-linux/usr/libexec/aarch64-mydistro-linux/gcc/aarch64-mydistro-linux/:/opt/mydistro/1.0/sysroots/x86_64-mydistro-linux/usr/lib/aarch64-mydistro-linux/gcc/aarch64-mydistro-linux/11.3.0/:/opt/mydistro/1.0/sysroots/x86_64-mydistro-linux/usr/lib/aarch64-mydistro-linux/gcc/aarch64-mydistro-linux/]
  ignore line: [LIBRARY_PATH=/opt/mydistro/1.0/sysroots/x86_64-mydistro-linux/usr/lib/aarch64-mydistro-linux/gcc/aarch64-mydistro-linux/11.3.0/:/opt/mydistro/1.0/sysroots/cortexa72-mydistro-linux/lib/:/opt/mydistro/1.0/sysroots/cortexa72-mydistro-linux/usr/lib/aarch64-mydistro-linux/11.3.0/:/opt/mydistro/1.0/sysroots/cortexa72-mydistro-linux/usr/lib/]
  ignore line: [COLLECT_GCC_OPTIONS='-mcpu=cortex-a72' '-march=armv8-a+crc' '-fstack-protector-strong' '-O2' '-D' '_FORTIFY_SOURCE=2' '-Wformat=1' '-Wformat-security' '-Werror=format-security' '-O2' '-pipe' '-g' '-feliminate-unused-debug-types' '-v' '-o' 'cmTC_d30b3' '-shared-libgcc' '-mlittle-endian' '-mabi=lp64' '-dumpdir' 'cmTC_d30b3.']
  link line: [ /opt/mydistro/1.0/sysroots/x86_64-mydistro-linux/usr/libexec/aarch64-mydistro-linux/gcc/aarch64-mydistro-linux/11.3.0/collect2 -plugin /opt/mydistro/1.0/sysroots/x86_64-mydistro-linux/usr/libexec/aarch64-mydistro-linux/gcc/aarch64-mydistro-linux/11.3.0/liblto_plugin.so -plugin-opt=/opt/mydistro/1.0/sysroots/x86_64-mydistro-linux/usr/libexec/aarch64-mydistro-linux/gcc/aarch64-mydistro-linux/11.3.0/lto-wrapper -plugin-opt=-fresolution=/tmp/ccLRq1jg.res -plugin-opt=-pass-through=-lgcc_s -plugin-opt=-pass-through=-lgcc -plugin-opt=-pass-through=-lc -plugin-opt=-pass-through=-lgcc_s -plugin-opt=-pass-through=-lgcc --sysroot=/opt/mydistro/1.0/sysroots/cortexa72-mydistro-linux --build-id --eh-frame-hdr --hash-style=gnu -dynamic-linker /lib/ld-linux-aarch64.so.1 -X -EL -maarch64linux -pie -o cmTC_d30b3 /opt/mydistro/1.0/sysroots/cortexa72-mydistro-linux/usr/lib/Scrt1.o /opt/mydistro/1.0/sysroots/cortexa72-mydistro-linux/usr/lib/crti.o /opt/mydistro/1.0/sysroots/cortexa72-mydistro-linux/usr/lib/aarch64-mydistro-linux/11.3.0/crtbeginS.o -L/opt/mydistro/1.0/sysroots/x86_64-mydistro-linux/usr/lib/aarch64-mydistro-linux/gcc/aarch64-mydistro-linux/11.3.0 -L/opt/mydistro/1.0/sysroots/cortexa72-mydistro-linux/lib -L/opt/mydistro/1.0/sysroots/cortexa72-mydistro-linux/usr/lib/aarch64-mydistro-linux/11.3.0 -L/opt/mydistro/1.0/sysroots/cortexa72-mydistro-linux/usr/lib -O1 --hash-style=gnu --as-needed -z relro -z now CMakeFiles/cmTC_d30b3.dir/CMakeCXXCompilerABI.cpp.o -lstdc++ -lm -lgcc_s -lgcc -lc -lgcc_s -lgcc /opt/mydistro/1.0/sysroots/cortexa72-mydistro-linux/usr/lib/aarch64-mydistro-linux/11.3.0/crtendS.o /opt/mydistro/1.0/sysroots/cortexa72-mydistro-linux/usr/lib/crtn.o]
    arg [/opt/mydistro/1.0/sysroots/x86_64-mydistro-linux/usr/libexec/aarch64-mydistro-linux/gcc/aarch64-mydistro-linux/11.3.0/collect2] ==> ignore
    arg [-plugin] ==> ignore
    arg [/opt/mydistro/1.0/sysroots/x86_64-mydistro-linux/usr/libexec/aarch64-mydistro-linux/gcc/aarch64-mydistro-linux/11.3.0/liblto_plugin.so] ==> ignore
    arg [-plugin-opt=/opt/mydistro/1.0/sysroots/x86_64-mydistro-linux/usr/libexec/aarch64-mydistro-linux/gcc/aarch64-mydistro-linux/11.3.0/lto-wrapper] ==> ignore
    arg [-plugin-opt=-fresolution=/tmp/ccLRq1jg.res] ==> ignore
    arg [-plugin-opt=-pass-through=-lgcc_s] ==> ignore
    arg [-plugin-opt=-pass-through=-lgcc] ==> ignore
    arg [-plugin-opt=-pass-through=-lc] ==> ignore
    arg [-plugin-opt=-pass-through=-lgcc_s] ==> ignore
    arg [-plugin-opt=-pass-through=-lgcc] ==> ignore
    arg [--sysroot=/opt/mydistro/1.0/sysroots/cortexa72-mydistro-linux] ==> ignore
    arg [--build-id] ==> ignore
    arg [--eh-frame-hdr] ==> ignore
    arg [--hash-style=gnu] ==> ignore
    arg [-dynamic-linker] ==> ignore
    arg [/lib/ld-linux-aarch64.so.1] ==> ignore
    arg [-X] ==> ignore
    arg [-EL] ==> ignore
    arg [-maarch64linux] ==> ignore
    arg [-pie] ==> ignore
    arg [-o] ==> ignore
    arg [cmTC_d30b3] ==> ignore
    arg [/opt/mydistro/1.0/sysroots/cortexa72-mydistro-linux/usr/lib/Scrt1.o] ==> obj [/opt/mydistro/1.0/sysroots/cortexa72-mydistro-linux/usr/lib/Scrt1.o]
    arg [/opt/mydistro/1.0/sysroots/cortexa72-mydistro-linux/usr/lib/crti.o] ==> obj [/opt/mydistro/1.0/sysroots/cortexa72-mydistro-linux/usr/lib/crti.o]
    arg [/opt/mydistro/1.0/sysroots/cortexa72-mydistro-linux/usr/lib/aarch64-mydistro-linux/11.3.0/crtbeginS.o] ==> obj [/opt/mydistro/1.0/sysroots/cortexa72-mydistro-linux/usr/lib/aarch64-mydistro-linux/11.3.0/crtbeginS.o]
    arg [-L/opt/mydistro/1.0/sysroots/x86_64-mydistro-linux/usr/lib/aarch64-mydistro-linux/gcc/aarch64-mydistro-linux/11.3.0] ==> dir [/opt/mydistro/1.0/sysroots/x86_64-mydistro-linux/usr/lib/aarch64-mydistro-linux/gcc/aarch64-mydistro-linux/11.3.0]
    arg [-L/opt/mydistro/1.0/sysroots/cortexa72-mydistro-linux/lib] ==> dir [/opt/mydistro/1.0/sysroots/cortexa72-mydistro-linux/lib]
    arg [-L/opt/mydistro/1.0/sysroots/cortexa72-mydistro-linux/usr/lib/aarch64-mydistro-linux/11.3.0] ==> dir [/opt/mydistro/1.0/sysroots/cortexa72-mydistro-linux/usr/lib/aarch64-mydistro-linux/11.3.0]
    arg [-L/opt/mydistro/1.0/sysroots/cortexa72-mydistro-linux/usr/lib] ==> dir [/opt/mydistro/1.0/sysroots/cortexa72-mydistro-linux/usr/lib]
    arg [-O1] ==> ignore
    arg [--hash-style=gnu] ==> ignore
    arg [--as-needed] ==> ignore
    arg [-zrelro] ==> ignore
    arg [-znow] ==> ignore
    arg [CMakeFiles/cmTC_d30b3.dir/CMakeCXXCompilerABI.cpp.o] ==> ignore
    arg [-lstdc++] ==> lib [stdc++]
    arg [-lm] ==> lib [m]
    arg [-lgcc_s] ==> lib [gcc_s]
    arg [-lgcc] ==> lib [gcc]
    arg [-lc] ==> lib [c]
    arg [-lgcc_s] ==> lib [gcc_s]
    arg [-lgcc] ==> lib [gcc]
    arg [/opt/mydistro/1.0/sysroots/cortexa72-mydistro-linux/usr/lib/aarch64-mydistro-linux/11.3.0/crtendS.o] ==> obj [/opt/mydistro/1.0/sysroots/cortexa72-mydistro-linux/usr/lib/aarch64-mydistro-linux/11.3.0/crtendS.o]
    arg [/opt/mydistro/1.0/sysroots/cortexa72-mydistro-linux/usr/lib/crtn.o] ==> obj [/opt/mydistro/1.0/sysroots/cortexa72-mydistro-linux/usr/lib/crtn.o]
  collapse library dir [/opt/mydistro/1.0/sysroots/x86_64-mydistro-linux/usr/lib/aarch64-mydistro-linux/gcc/aarch64-mydistro-linux/11.3.0] ==> [/opt/mydistro/1.0/sysroots/x86_64-mydistro-linux/usr/lib/aarch64-mydistro-linux/gcc/aarch64-mydistro-linux/11.3.0]
  collapse library dir [/opt/mydistro/1.0/sysroots/cortexa72-mydistro-linux/lib] ==> [/opt/mydistro/1.0/sysroots/cortexa72-mydistro-linux/lib]
  collapse library dir [/opt/mydistro/1.0/sysroots/cortexa72-mydistro-linux/usr/lib/aarch64-mydistro-linux/11.3.0] ==> [/opt/mydistro/1.0/sysroots/cortexa72-mydistro-linux/usr/lib/aarch64-mydistro-linux/11.3.0]
  collapse library dir [/opt/mydistro/1.0/sysroots/cortexa72-mydistro-linux/usr/lib] ==> [/opt/mydistro/1.0/sysroots/cortexa72-mydistro-linux/usr/lib]
  implicit libs: [stdc++;m;gcc_s;gcc;c;gcc_s;gcc]
  implicit objs: [/opt/mydistro/1.0/sysroots/cortexa72-mydistro-linux/usr/lib/Scrt1.o;/opt/mydistro/1.0/sysroots/cortexa72-mydistro-linux/usr/lib/crti.o;/opt/mydistro/1.0/sysroots/cortexa72-mydistro-linux/usr/lib/aarch64-mydistro-linux/11.3.0/crtbeginS.o;/opt/mydistro/1.0/sysroots/cortexa72-mydistro-linux/usr/lib/aarch64-mydistro-linux/11.3.0/crtendS.o;/opt/mydistro/1.0/sysroots/cortexa72-mydistro-linux/usr/lib/crtn.o]
  implicit dirs: [/opt/mydistro/1.0/sysroots/x86_64-mydistro-linux/usr/lib/aarch64-mydistro-linux/gcc/aarch64-mydistro-linux/11.3.0;/opt/mydistro/1.0/sysroots/cortexa72-mydistro-linux/lib;/opt/mydistro/1.0/sysroots/cortexa72-mydistro-linux/usr/lib/aarch64-mydistro-linux/11.3.0;/opt/mydistro/1.0/sysroots/cortexa72-mydistro-linux/usr/lib]
  implicit fwks: []


